Using pre-set license
Built from '2022.3/staging' branch; Version is '2022.3.10f1 (ff3792e53c62) revision 16725906'; Using compiler version '192829333'; Build Type 'Release'
OS: 'Windows 10  (10.0.19045) 64bit Professional' Language: 'tr' Physical Memory: 16335 MB
BatchMode: 1, IsHumanControllingUs: 0, StartBugReporterOnCrash: 0, Is64bit: 1, IsPro: 1

COMMAND LINE ARGUMENTS:
D:\2022.3.10f1\Editor\Unity.exe
-adb2
-batchMode
-noUpm
-name
AssetImportWorker2
-projectPath
C:/Users/furka/OneDrive/Belgeler/Aquila Games/Unity Projects/Pac-Man Deneme - Copy
-logFile
Logs/AssetImportWorker2.log
-srvPort
51273
Successfully changed project path to: C:/Users/furka/OneDrive/Belgeler/Aquila Games/Unity Projects/Pac-Man Deneme - Copy
C:/Users/furka/OneDrive/Belgeler/Aquila Games/Unity Projects/Pac-Man Deneme - Copy
[UnityMemory] Configuration Parameters - Can be set up in boot.config
    "memorysetup-bucket-allocator-granularity=16"
    "memorysetup-bucket-allocator-bucket-count=8"
    "memorysetup-bucket-allocator-block-size=33554432"
    "memorysetup-bucket-allocator-block-count=8"
    "memorysetup-main-allocator-block-size=16777216"
    "memorysetup-thread-allocator-block-size=16777216"
    "memorysetup-gfx-main-allocator-block-size=16777216"
    "memorysetup-gfx-thread-allocator-block-size=16777216"
    "memorysetup-cache-allocator-block-size=4194304"
    "memorysetup-typetree-allocator-block-size=2097152"
    "memorysetup-profiler-bucket-allocator-granularity=16"
    "memorysetup-profiler-bucket-allocator-bucket-count=8"
    "memorysetup-profiler-bucket-allocator-block-size=33554432"
    "memorysetup-profiler-bucket-allocator-block-count=8"
    "memorysetup-profiler-allocator-block-size=16777216"
    "memorysetup-profiler-editor-allocator-block-size=1048576"
    "memorysetup-temp-allocator-size-main=16777216"
    "memorysetup-job-temp-allocator-block-size=2097152"
    "memorysetup-job-temp-allocator-block-size-background=1048576"
    "memorysetup-job-temp-allocator-reduction-small-platforms=262144"
    "memorysetup-allocator-temp-initial-block-size-main=262144"
    "memorysetup-allocator-temp-initial-block-size-worker=262144"
    "memorysetup-temp-allocator-size-background-worker=32768"
    "memorysetup-temp-allocator-size-job-worker=262144"
    "memorysetup-temp-allocator-size-preload-manager=33554432"
    "memorysetup-temp-allocator-size-nav-mesh-worker=65536"
    "memorysetup-temp-allocator-size-audio-worker=65536"
    "memorysetup-temp-allocator-size-cloud-worker=32768"
    "memorysetup-temp-allocator-size-gi-baking-worker=262144"
    "memorysetup-temp-allocator-size-gfx=262144"
Player connection [1356] Host "[IP] 192.168.1.20 [Port] 0 [Flags] 2 [Guid] 3239710249 [EditorId] 3239710249 [Version] 1048832 [Id] WindowsEditor(7,DESKTOP-VV7G2B6) [Debug] 1 [PackageName] WindowsEditor [ProjectName] Editor" joined multi-casting on [225.0.0.222:54997]...

Player connection [1356] Host "[IP] 192.168.1.20 [Port] 0 [Flags] 2 [Guid] 3239710249 [EditorId] 3239710249 [Version] 1048832 [Id] WindowsEditor(7,DESKTOP-VV7G2B6) [Debug] 1 [PackageName] WindowsEditor [ProjectName] Editor" joined alternative multi-casting on [225.0.0.222:34997]...

[Physics::Module] Initialized MultithreadedJobDispatcher with 11 workers.
Refreshing native plugins compatible for Editor in 21.29 ms, found 4 plugins.
Preloading 0 native plugins for Editor in 0.00 ms.
Initialize engine version: 2022.3.10f1 (ff3792e53c62)
[Subsystems] Discovering subsystems at path D:/2022.3.10f1/Editor/Data/Resources/UnitySubsystems
[Subsystems] Discovering subsystems at path C:/Users/furka/OneDrive/Belgeler/Aquila Games/Unity Projects/Pac-Man Deneme - Copy/Assets
GfxDevice: creating device client; threaded=0; jobified=0
Direct3D:
    Version:  Direct3D 11.0 [level 11.1]
    Renderer: Radeon RX 570 Series (ID=0x67df)
    Vendor:   ATI
    VRAM:     4074 MB
    Driver:   31.0.14051.5006
Shader Hidden/ProbeVolume/VoxelizeScene is not supported: GPU does not support conservative rasterization
Initialize mono
Mono path[0] = 'D:/2022.3.10f1/Editor/Data/Managed'
Mono path[1] = 'D:/2022.3.10f1/Editor/Data/MonoBleedingEdge/lib/mono/unityjit-win32'
Mono config path = 'D:/2022.3.10f1/Editor/Data/MonoBleedingEdge/etc'
Using monoOptions --debugger-agent=transport=dt_socket,embedding=1,server=y,suspend=n,address=127.0.0.1:56316
Begin MonoManager ReloadAssembly
Registering precompiled unity dll's ...
Register platform support module: D:/2022.3.10f1/Editor/Data/PlaybackEngines/WindowsStandaloneSupport/UnityEditor.WindowsStandalone.Extensions.dll
Registered in 0.006050 seconds.
- Loaded All Assemblies, in  0.448 seconds
Native extension for WindowsStandalone target not found
Mono: successfully reloaded assembly
- Finished resetting the current domain, in  0.320 seconds
Domain Reload Profiling: 767ms
	BeginReloadAssembly (164ms)
		ExecutionOrderSort (0ms)
		DisableScriptedObjects (0ms)
		BackupInstance (0ms)
		ReleaseScriptingObjects (0ms)
		CreateAndSetChildDomain (1ms)
	RebuildCommonClasses (46ms)
	RebuildNativeTypeToScriptingClass (14ms)
	initialDomainReloadingComplete (61ms)
	LoadAllAssembliesAndSetupDomain (161ms)
		LoadAssemblies (163ms)
		RebuildTransferFunctionScriptingTraits (0ms)
		AnalyzeDomain (159ms)
			TypeCache.Refresh (157ms)
				TypeCache.ScanAssembly (143ms)
			ScanForSourceGeneratedMonoScriptInfo (0ms)
			ResolveRequiredComponents (1ms)
	FinalizeReload (320ms)
		ReleaseScriptCaches (0ms)
		RebuildScriptCaches (0ms)
		SetupLoadedEditorAssemblies (248ms)
			LogAssemblyErrors (0ms)
			InitializePlatformSupportModulesInManaged (9ms)
			SetLoadedEditorAssemblies (10ms)
			RefreshPlugins (0ms)
			BeforeProcessingInitializeOnLoad (3ms)
			ProcessInitializeOnLoadAttributes (160ms)
			ProcessInitializeOnLoadMethodAttributes (67ms)
			AfterProcessingInitializeOnLoad (0ms)
			EditorAssembliesLoaded (0ms)
		ExecutionOrderSort2 (0ms)
		AwakeInstancesAfterBackupRestoration (0ms)
========================================================================
Worker process is ready to serve import requests
Begin MonoManager ReloadAssembly
- Loaded All Assemblies, in  0.925 seconds
Refreshing native plugins compatible for Editor in 8.98 ms, found 4 plugins.
Native extension for WindowsStandalone target not found
Package Manager log level set to [2]
[Package Manager] Server::EnsureServerProcessIsRunning -- launch failed, reason: Unity was launched with the -noUpm command-line argument
[Package Manager] UpmClient::Send -- Unable to send message (not connected to UPM process).
[Package Manager] Cannot connect to Unity Package Manager local server
Mono: successfully reloaded assembly
- Finished resetting the current domain, in  0.863 seconds
Domain Reload Profiling: 1784ms
	BeginReloadAssembly (204ms)
		ExecutionOrderSort (0ms)
		DisableScriptedObjects (8ms)
		BackupInstance (0ms)
		ReleaseScriptingObjects (0ms)
		CreateAndSetChildDomain (22ms)
	RebuildCommonClasses (43ms)
	RebuildNativeTypeToScriptingClass (13ms)
	initialDomainReloadingComplete (53ms)
	LoadAllAssembliesAndSetupDomain (606ms)
		LoadAssemblies (464ms)
		RebuildTransferFunctionScriptingTraits (0ms)
		AnalyzeDomain (271ms)
			TypeCache.Refresh (217ms)
				TypeCache.ScanAssembly (199ms)
			ScanForSourceGeneratedMonoScriptInfo (39ms)
			ResolveRequiredComponents (13ms)
	FinalizeReload (864ms)
		ReleaseScriptCaches (0ms)
		RebuildScriptCaches (0ms)
		SetupLoadedEditorAssemblies (646ms)
			LogAssemblyErrors (0ms)
			InitializePlatformSupportModulesInManaged (6ms)
			SetLoadedEditorAssemblies (5ms)
			RefreshPlugins (0ms)
			BeforeProcessingInitializeOnLoad (121ms)
			ProcessInitializeOnLoadAttributes (410ms)
			ProcessInitializeOnLoadMethodAttributes (101ms)
			AfterProcessingInitializeOnLoad (3ms)
			EditorAssembliesLoaded (0ms)
		ExecutionOrderSort2 (0ms)
		AwakeInstancesAfterBackupRestoration (8ms)
Shader Hidden/ProbeVolume/VoxelizeScene is not supported: GPU does not support conservative rasterization
Launched and connected shader compiler UnityShaderCompiler.exe after 0.06 seconds
Refreshing native plugins compatible for Editor in 9.49 ms, found 4 plugins.
Preloading 0 native plugins for Editor in 0.00 ms.
Unloading 5639 Unused Serialized files (Serialized files now loaded: 0)
Unloading 84 unused Assets / (351.2 KB). Loaded Objects now: 6099.
Memory consumption went from 211.8 MB to 211.5 MB.
Total: 4.951400 ms (FindLiveObjects: 0.635200 ms CreateObjectMapping: 0.373500 ms MarkObjects: 3.721500 ms  DeleteObjects: 0.220000 ms)

AssetImportParameters requested are different than current active one (requested -> active):
  custom:container-demuxer-ogg: 62fdf1f143b41e24485cea50d1cbac27 -> 
  custom:video-decoder-ogg-theora: a1e56fd34408186e4bbccfd4996cb3dc -> 
  custom:framework-win-MediaFoundation: 216162199b28c13a410421893ffa2e32 -> 
  custom:container-demuxer-webm: 4f35f7cbe854078d1ac9338744f61a02 -> 
  custom:container-muxer-webm: aa71ff27fc2769a1b78a27578f13a17b -> 
  custom:video-decoder-webm-vp8: 9c59270c3fd7afecdb556c50c9e8de78 -> 
  custom:AudioImporter_EditorPlatform: d09bf68614088b80899f8185d706f6e7 -> 
  custom:video-encoder-webm-vp8: eb34c28f22e8b96e1ab97ce403110664 -> 
  custom:audio-decoder-ogg-vorbis: bf7c407c2cedff20999df2af8eb42d56 -> 
  custom:audio-encoder-webm-vorbis: bf7c407c2cedff20999df2af8eb42d56 -> 
========================================================================
Received Import Request.
  Time since last request: 95131.671365 seconds.
  path: Assets/Prefabs
  artifactKey: Guid(2ad0fdbcfd6628e49ba83f1d284d19de) Importer(815301076,1909f56bfc062723c751e8b465ee728b)
Start importing Assets/Prefabs using Guid(2ad0fdbcfd6628e49ba83f1d284d19de) Importer(815301076,1909f56bfc062723c751e8b465ee728b)  -> (artifact id: '0a06b887aeb13242048d3304d3de72c9') in 0.002018 seconds
Number of updated asset objects reloaded before import = 0
Number of asset objects unloaded after import = 0
========================================================================
Received Import Request.
  Time since last request: 0.022080 seconds.
  path: Assets/Prefabs/Coin.prefab
  artifactKey: Guid(5c3c46afdd1ac6a44a26f7a6103ba495) Importer(815301076,1909f56bfc062723c751e8b465ee728b)
Start importing Assets/Prefabs/Coin.prefab using Guid(5c3c46afdd1ac6a44a26f7a6103ba495) Importer(815301076,1909f56bfc062723c751e8b465ee728b)  -> (artifact id: 'd064eccfa4c4a1fb96ab7fabe27c136a') in 0.351198 seconds
Number of updated asset objects reloaded before import = 0
Number of asset objects unloaded after import = 10
========================================================================
Received Prepare
Begin MonoManager ReloadAssembly
- Loaded All Assemblies, in  0.797 seconds
Refreshing native plugins compatible for Editor in 11.05 ms, found 4 plugins.
Native extension for WindowsStandalone target not found
[Package Manager] Server::EnsureServerProcessIsRunning -- launch failed, reason: Unity was launched with the -noUpm command-line argument
[Package Manager] UpmClient::Send -- Unable to send message (not connected to UPM process).
[Package Manager] Cannot connect to Unity Package Manager local server
Mono: successfully reloaded assembly
- Finished resetting the current domain, in  2.368 seconds
Domain Reload Profiling: 3160ms
	BeginReloadAssembly (274ms)
		ExecutionOrderSort (0ms)
		DisableScriptedObjects (21ms)
		BackupInstance (0ms)
		ReleaseScriptingObjects (0ms)
		CreateAndSetChildDomain (61ms)
	RebuildCommonClasses (53ms)
	RebuildNativeTypeToScriptingClass (21ms)
	initialDomainReloadingComplete (38ms)
	LoadAllAssembliesAndSetupDomain (405ms)
		LoadAssemblies (525ms)
		RebuildTransferFunctionScriptingTraits (0ms)
		AnalyzeDomain (28ms)
			TypeCache.Refresh (7ms)
				TypeCache.ScanAssembly (0ms)
			ScanForSourceGeneratedMonoScriptInfo (0ms)
			ResolveRequiredComponents (19ms)
	FinalizeReload (2369ms)
		ReleaseScriptCaches (0ms)
		RebuildScriptCaches (0ms)
		SetupLoadedEditorAssemblies (852ms)
			LogAssemblyErrors (0ms)
			InitializePlatformSupportModulesInManaged (6ms)
			SetLoadedEditorAssemblies (9ms)
			RefreshPlugins (0ms)
			BeforeProcessingInitializeOnLoad (167ms)
			ProcessInitializeOnLoadAttributes (543ms)
			ProcessInitializeOnLoadMethodAttributes (122ms)
			AfterProcessingInitializeOnLoad (6ms)
			EditorAssembliesLoaded (0ms)
		ExecutionOrderSort2 (0ms)
		AwakeInstancesAfterBackupRestoration (32ms)
Shader Hidden/ProbeVolume/VoxelizeScene is not supported: GPU does not support conservative rasterization
Refreshing native plugins compatible for Editor in 11.97 ms, found 4 plugins.
Preloading 0 native plugins for Editor in 0.00 ms.
Unloading 5486 Unused Serialized files (Serialized files now loaded: 0)
Unloading 47 unused Assets / (320.1 KB). Loaded Objects now: 6152.
Memory consumption went from 190.4 MB to 190.1 MB.
Total: 5.588400 ms (FindLiveObjects: 0.528200 ms CreateObjectMapping: 0.180000 ms MarkObjects: 4.684500 ms  DeleteObjects: 0.194300 ms)

Prepare: number of updated asset objects reloaded= 0
AssetImportParameters requested are different than current active one (requested -> active):
  custom:container-demuxer-ogg: 62fdf1f143b41e24485cea50d1cbac27 -> 
  custom:video-decoder-ogg-theora: a1e56fd34408186e4bbccfd4996cb3dc -> 
  custom:framework-win-MediaFoundation: 216162199b28c13a410421893ffa2e32 -> 
  custom:CustomObjectIndexerAttribute: a3ef5dd2817f97addfee359851a9dba5 -> 
  custom:container-demuxer-webm: 4f35f7cbe854078d1ac9338744f61a02 -> 
  custom:container-muxer-webm: aa71ff27fc2769a1b78a27578f13a17b -> 
  custom:video-decoder-webm-vp8: 9c59270c3fd7afecdb556c50c9e8de78 -> 
  custom:SearchIndexIgnoredProperties: e643bd26f0fe6173181afceb89e7c659 -> 
  custom:AudioImporter_EditorPlatform: d09bf68614088b80899f8185d706f6e7 -> 
  custom:video-encoder-webm-vp8: eb34c28f22e8b96e1ab97ce403110664 -> 
  custom:audio-decoder-ogg-vorbis: bf7c407c2cedff20999df2af8eb42d56 -> 
  custom:audio-encoder-webm-vorbis: bf7c407c2cedff20999df2af8eb42d56 -> 
========================================================================
Received Import Request.
  Time since last request: 85.146767 seconds.
  path: Assets/Scenes
  artifactKey: Guid(8a88ad03ef3497d47a82d51557cda374) Importer(815301076,1909f56bfc062723c751e8b465ee728b)
Start importing Assets/Scenes using Guid(8a88ad03ef3497d47a82d51557cda374) Importer(815301076,1909f56bfc062723c751e8b465ee728b)  -> (artifact id: '56a9104495496058d84ffbbe50428130') in 0.001922 seconds
Number of updated asset objects reloaded before import = 0
Number of asset objects unloaded after import = 0
========================================================================
Received Import Request.
  Time since last request: 1.699531 seconds.
  path: Assets/Scenes/SampleScene
  artifactKey: Guid(ef043b45276550142b3df700fda93f87) Importer(815301076,1909f56bfc062723c751e8b465ee728b)
Start importing Assets/Scenes/SampleScene using Guid(ef043b45276550142b3df700fda93f87) Importer(815301076,1909f56bfc062723c751e8b465ee728b)  -> (artifact id: 'bcd95e08e8a57911cdb4d7c21ef296bf') in 0.000616 seconds
Number of updated asset objects reloaded before import = 0
Number of asset objects unloaded after import = 0
========================================================================
Received Import Request.
  Time since last request: 0.492394 seconds.
  path: Assets/Scenes/SampleScene.unity
  artifactKey: Guid(8c9cfa26abfee488c85f1582747f6a02) Importer(815301076,1909f56bfc062723c751e8b465ee728b)
Start importing Assets/Scenes/SampleScene.unity using Guid(8c9cfa26abfee488c85f1582747f6a02) Importer(815301076,1909f56bfc062723c751e8b465ee728b)  -> (artifact id: '1ee3659c64054749a3fb1d0460514788') in 0.000588 seconds
Number of updated asset objects reloaded before import = 0
Number of asset objects unloaded after import = 0
========================================================================
Received Import Request.
  Time since last request: 4.293094 seconds.
  path: Assets/Scenes/SampleScene/LightingData.asset
  artifactKey: Guid(3d55a4ac5e238f044bfdd8b0f01e83ab) Importer(815301076,1909f56bfc062723c751e8b465ee728b)
Start importing Assets/Scenes/SampleScene/LightingData.asset using Guid(3d55a4ac5e238f044bfdd8b0f01e83ab) Importer(815301076,1909f56bfc062723c751e8b465ee728b)  -> (artifact id: '0a3b68602c0cfe515c88a94d030cc191') in 0.012086 seconds
Number of updated asset objects reloaded before import = 0
Number of asset objects unloaded after import = 2
========================================================================
Received Prepare
Begin MonoManager ReloadAssembly
- Loaded All Assemblies, in  0.682 seconds
Refreshing native plugins compatible for Editor in 9.10 ms, found 4 plugins.
Native extension for WindowsStandalone target not found
[Package Manager] Server::EnsureServerProcessIsRunning -- launch failed, reason: Unity was launched with the -noUpm command-line argument
[Package Manager] UpmClient::Send -- Unable to send message (not connected to UPM process).
[Package Manager] Cannot connect to Unity Package Manager local server
Mono: successfully reloaded assembly
- Finished resetting the current domain, in  2.220 seconds
Domain Reload Profiling: 2897ms
	BeginReloadAssembly (243ms)
		ExecutionOrderSort (0ms)
		DisableScriptedObjects (17ms)
		BackupInstance (0ms)
		ReleaseScriptingObjects (0ms)
		CreateAndSetChildDomain (47ms)
	RebuildCommonClasses (48ms)
	RebuildNativeTypeToScriptingClass (17ms)
	initialDomainReloadingComplete (34ms)
	LoadAllAssembliesAndSetupDomain (334ms)
		LoadAssemblies (448ms)
		RebuildTransferFunctionScriptingTraits (0ms)
		AnalyzeDomain (22ms)
			TypeCache.Refresh (6ms)
				TypeCache.ScanAssembly (0ms)
			ScanForSourceGeneratedMonoScriptInfo (0ms)
			ResolveRequiredComponents (15ms)
	FinalizeReload (2221ms)
		ReleaseScriptCaches (0ms)
		RebuildScriptCaches (0ms)
		SetupLoadedEditorAssemblies (776ms)
			LogAssemblyErrors (0ms)
			InitializePlatformSupportModulesInManaged (8ms)
			SetLoadedEditorAssemblies (8ms)
			RefreshPlugins (0ms)
			BeforeProcessingInitializeOnLoad (162ms)
			ProcessInitializeOnLoadAttributes (471ms)
			ProcessInitializeOnLoadMethodAttributes (123ms)
			AfterProcessingInitializeOnLoad (4ms)
			EditorAssembliesLoaded (0ms)
		ExecutionOrderSort2 (0ms)
		AwakeInstancesAfterBackupRestoration (26ms)
Shader Hidden/ProbeVolume/VoxelizeScene is not supported: GPU does not support conservative rasterization
Refreshing native plugins compatible for Editor in 11.36 ms, found 4 plugins.
Preloading 0 native plugins for Editor in 0.00 ms.
Unloading 5486 Unused Serialized files (Serialized files now loaded: 0)
Unloading 47 unused Assets / (320.2 KB). Loaded Objects now: 6157.
Memory consumption went from 190.3 MB to 190.0 MB.
Total: 7.342600 ms (FindLiveObjects: 0.666700 ms CreateObjectMapping: 1.270000 ms MarkObjects: 5.236100 ms  DeleteObjects: 0.168600 ms)

Prepare: number of updated asset objects reloaded= 0
AssetImportParameters requested are different than current active one (requested -> active):
  custom:container-demuxer-ogg: 62fdf1f143b41e24485cea50d1cbac27 -> 
  custom:video-decoder-ogg-theora: a1e56fd34408186e4bbccfd4996cb3dc -> 
  custom:framework-win-MediaFoundation: 216162199b28c13a410421893ffa2e32 -> 
  custom:CustomObjectIndexerAttribute: a3ef5dd2817f97addfee359851a9dba5 -> 
  custom:container-demuxer-webm: 4f35f7cbe854078d1ac9338744f61a02 -> 
  custom:container-muxer-webm: aa71ff27fc2769a1b78a27578f13a17b -> 
  custom:video-decoder-webm-vp8: 9c59270c3fd7afecdb556c50c9e8de78 -> 
  custom:SearchIndexIgnoredProperties: e643bd26f0fe6173181afceb89e7c659 -> 
  custom:AudioImporter_EditorPlatform: d09bf68614088b80899f8185d706f6e7 -> 
  custom:video-encoder-webm-vp8: eb34c28f22e8b96e1ab97ce403110664 -> 
  custom:audio-decoder-ogg-vorbis: bf7c407c2cedff20999df2af8eb42d56 -> 
  custom:audio-encoder-webm-vorbis: bf7c407c2cedff20999df2af8eb42d56 -> 
========================================================================
Received Import Request.
  Time since last request: 338.203838 seconds.
  path: Assets/pAssets/Sprites
  artifactKey: Guid(c41f9604d611ca144b3e5ad657e63ae1) Importer(815301076,1909f56bfc062723c751e8b465ee728b)
Start importing Assets/pAssets/Sprites using Guid(c41f9604d611ca144b3e5ad657e63ae1) Importer(815301076,1909f56bfc062723c751e8b465ee728b)  -> (artifact id: '939d5f7e5ef3071d590f92fa1a4e7327') in 0.002172 seconds
Number of updated asset objects reloaded before import = 0
Number of asset objects unloaded after import = 0
========================================================================
Received Import Request.
  Time since last request: 0.201761 seconds.
  path: Assets/pAssets/Sprites/Fruit_Apple.png
  artifactKey: Guid(333efda297305804ab18ba62c4a59b0d) Importer(815301076,1909f56bfc062723c751e8b465ee728b)
Start importing Assets/pAssets/Sprites/Fruit_Apple.png using Guid(333efda297305804ab18ba62c4a59b0d) Importer(815301076,1909f56bfc062723c751e8b465ee728b)  -> (artifact id: '17805e51c9726ff85b8a637447b5efab') in 0.097630 seconds
Number of updated asset objects reloaded before import = 0
Number of asset objects unloaded after import = 3
========================================================================
Received Import Request.
  Time since last request: 0.000018 seconds.
  path: Assets/pAssets/Sprites/Pacman_02.png
  artifactKey: Guid(1f9604f5749fde646a59a72c9ee1cd3a) Importer(815301076,1909f56bfc062723c751e8b465ee728b)
Start importing Assets/pAssets/Sprites/Pacman_02.png using Guid(1f9604f5749fde646a59a72c9ee1cd3a) Importer(815301076,1909f56bfc062723c751e8b465ee728b)  -> (artifact id: 'f59ca009ff1f84f57c976ffa0f5a7175') in 0.024591 seconds
Number of updated asset objects reloaded before import = 0
Number of asset objects unloaded after import = 3
========================================================================
Received Import Request.
  Time since last request: 0.000020 seconds.
  path: Assets/pAssets/Sprites/Wall_37.png
  artifactKey: Guid(b1372eb48ab258e4d9cc78b4b8ae51e9) Importer(815301076,1909f56bfc062723c751e8b465ee728b)
Start importing Assets/pAssets/Sprites/Wall_37.png using Guid(b1372eb48ab258e4d9cc78b4b8ae51e9) Importer(815301076,1909f56bfc062723c751e8b465ee728b)  -> (artifact id: '17cb0df15498d742b08625330810103f') in 0.019710 seconds
Number of updated asset objects reloaded before import = 0
Number of asset objects unloaded after import = 3
========================================================================
Received Import Request.
  Time since last request: 0.000016 seconds.
  path: Assets/pAssets/Sprites/Pellet_Large.png
  artifactKey: Guid(f5539a5cab8e4b0479adf95423fa7c86) Importer(815301076,1909f56bfc062723c751e8b465ee728b)
Start importing Assets/pAssets/Sprites/Pellet_Large.png using Guid(f5539a5cab8e4b0479adf95423fa7c86) Importer(815301076,1909f56bfc062723c751e8b465ee728b)  -> (artifact id: '81f6e1485b15aef1170ad10e489625b1') in 0.020873 seconds
Number of updated asset objects reloaded before import = 0
Number of asset objects unloaded after import = 3
========================================================================
Received Import Request.
  Time since last request: 0.000024 seconds.
  path: Assets/pAssets/Sprites/Fruit_GalaxianStarship.png
  artifactKey: Guid(43287113cc1900f44a90a7c880c6c0f6) Importer(815301076,1909f56bfc062723c751e8b465ee728b)
Start importing Assets/pAssets/Sprites/Fruit_GalaxianStarship.png using Guid(43287113cc1900f44a90a7c880c6c0f6) Importer(815301076,1909f56bfc062723c751e8b465ee728b)  -> (artifact id: '456b445347690d84571fccae096ce088') in 0.021721 seconds
Number of updated asset objects reloaded before import = 0
Number of asset objects unloaded after import = 3
========================================================================
Received Import Request.
  Time since last request: 0.000026 seconds.
  path: Assets/pAssets/Sprites/Pacman_Death_03.png
  artifactKey: Guid(b595a8ceed8117d4cb85975acdec433e) Importer(815301076,1909f56bfc062723c751e8b465ee728b)
Start importing Assets/pAssets/Sprites/Pacman_Death_03.png using Guid(b595a8ceed8117d4cb85975acdec433e) Importer(815301076,1909f56bfc062723c751e8b465ee728b)  -> (artifact id: 'bf000de9c74fb441182bf3928923a2f4') in 0.025249 seconds
Number of updated asset objects reloaded before import = 0
Number of asset objects unloaded after import = 3
========================================================================
Received Import Request.
  Time since last request: 0.000022 seconds.
  path: Assets/pAssets/Sprites/Wall_30.png
  artifactKey: Guid(6f115c8eee0d491419895b53625f41dc) Importer(815301076,1909f56bfc062723c751e8b465ee728b)
Start importing Assets/pAssets/Sprites/Wall_30.png using Guid(6f115c8eee0d491419895b53625f41dc) Importer(815301076,1909f56bfc062723c751e8b465ee728b)  -> (artifact id: 'deeded24f9cc03b4740360037c01300e') in 0.024510 seconds
Number of updated asset objects reloaded before import = 0
Number of asset objects unloaded after import = 3
========================================================================
Received Import Request.
  Time since last request: 0.000026 seconds.
  path: Assets/pAssets/Sprites/Ghost_Body_01.png
  artifactKey: Guid(afc3b534b8a93544984cf1676ba61ae4) Importer(815301076,1909f56bfc062723c751e8b465ee728b)
Start importing Assets/pAssets/Sprites/Ghost_Body_01.png using Guid(afc3b534b8a93544984cf1676ba61ae4) Importer(815301076,1909f56bfc062723c751e8b465ee728b)  -> (artifact id: 'f20c74d0debea59ad8b9339bbeb9de79') in 0.022740 seconds
Number of updated asset objects reloaded before import = 0
Number of asset objects unloaded after import = 3
========================================================================
Received Import Request.
  Time since last request: 0.000022 seconds.
  path: Assets/pAssets/Sprites/Wall_00.png
  artifactKey: Guid(e52ee8a5840dcaf4499f536c1580873c) Importer(815301076,1909f56bfc062723c751e8b465ee728b)
Start importing Assets/pAssets/Sprites/Wall_00.png using Guid(e52ee8a5840dcaf4499f536c1580873c) Importer(815301076,1909f56bfc062723c751e8b465ee728b)  -> (artifact id: '240ddb4f1871b58afe02492cda5fa9d6') in 0.023719 seconds
Number of updated asset objects reloaded before import = 0
Number of asset objects unloaded after import = 3
========================================================================
Received Import Request.
  Time since last request: 0.000022 seconds.
  path: Assets/pAssets/Sprites/Wall_04.png
  artifactKey: Guid(8fe1022521c11cb47a859a6bfb7a6777) Importer(815301076,1909f56bfc062723c751e8b465ee728b)
Start importing Assets/pAssets/Sprites/Wall_04.png using Guid(8fe1022521c11cb47a859a6bfb7a6777) Importer(815301076,1909f56bfc062723c751e8b465ee728b)  -> (artifact id: '501806f60eebf29d12707718cf43cff9') in 0.021943 seconds
Number of updated asset objects reloaded before import = 0
Number of asset objects unloaded after import = 3
========================================================================
Received Import Request.
  Time since last request: 0.000017 seconds.
  path: Assets/pAssets/Sprites/Ghost_Eyes_Left.png
  artifactKey: Guid(d65aa956b7569874fab274083826a77f) Importer(815301076,1909f56bfc062723c751e8b465ee728b)
Start importing Assets/pAssets/Sprites/Ghost_Eyes_Left.png using Guid(d65aa956b7569874fab274083826a77f) Importer(815301076,1909f56bfc062723c751e8b465ee728b)  -> (artifact id: '726a89aa175f1e36d7fbc1940f25a563') in 0.026827 seconds
Number of updated asset objects reloaded before import = 0
Number of asset objects unloaded after import = 3
========================================================================
Received Import Request.
  Time since last request: 0.000025 seconds.
  path: Assets/pAssets/Sprites/Pacman_Death_04.png
  artifactKey: Guid(5831e314f767e4343be659f70d5311d8) Importer(815301076,1909f56bfc062723c751e8b465ee728b)
Start importing Assets/pAssets/Sprites/Pacman_Death_04.png using Guid(5831e314f767e4343be659f70d5311d8) Importer(815301076,1909f56bfc062723c751e8b465ee728b)  -> (artifact id: 'af61c167cb88987068546fb53c4ee58d') in 0.029350 seconds
Number of updated asset objects reloaded before import = 0
Number of asset objects unloaded after import = 3
========================================================================
Received Import Request.
  Time since last request: 0.000033 seconds.
  path: Assets/pAssets/Sprites/Pacman_01.png
  artifactKey: Guid(e3b83262a412c74408dba5cbe89f43f5) Importer(815301076,1909f56bfc062723c751e8b465ee728b)
Start importing Assets/pAssets/Sprites/Pacman_01.png using Guid(e3b83262a412c74408dba5cbe89f43f5) Importer(815301076,1909f56bfc062723c751e8b465ee728b)  -> (artifact id: 'c792708a8650adc7f4f35532087d3caf') in 0.024383 seconds
Number of updated asset objects reloaded before import = 0
Number of asset objects unloaded after import = 3
========================================================================
Received Import Request.
  Time since last request: 0.000018 seconds.
  path: Assets/pAssets/Sprites/Wall_27.png
  artifactKey: Guid(39e3fa3fcbaf196489ad0e7e74bce721) Importer(815301076,1909f56bfc062723c751e8b465ee728b)
Start importing Assets/pAssets/Sprites/Wall_27.png using Guid(39e3fa3fcbaf196489ad0e7e74bce721) Importer(815301076,1909f56bfc062723c751e8b465ee728b)  -> (artifact id: '818682a2b46015820e79af203d909000') in 0.027302 seconds
Number of updated asset objects reloaded before import = 0
Number of asset objects unloaded after import = 3
========================================================================
Received Import Request.
  Time since last request: 0.000020 seconds.
  path: Assets/pAssets/Sprites/Fruit_Cherry.png
  artifactKey: Guid(bcf9abba0c5011447aedacaa56f809a4) Importer(815301076,1909f56bfc062723c751e8b465ee728b)
Start importing Assets/pAssets/Sprites/Fruit_Cherry.png using Guid(bcf9abba0c5011447aedacaa56f809a4) Importer(815301076,1909f56bfc062723c751e8b465ee728b)  -> (artifact id: '59f1b39656ba80f310d57281eb0507b9') in 0.023371 seconds
Number of updated asset objects reloaded before import = 0
Number of asset objects unloaded after import = 3
========================================================================
Received Import Request.
  Time since last request: 0.000019 seconds.
  path: Assets/pAssets/Sprites/Pacman_Death_06.png
  artifactKey: Guid(2eb4a7f536f928148baff2eeba8af7a0) Importer(815301076,1909f56bfc062723c751e8b465ee728b)
Start importing Assets/pAssets/Sprites/Pacman_Death_06.png using Guid(2eb4a7f536f928148baff2eeba8af7a0) Importer(815301076,1909f56bfc062723c751e8b465ee728b)  -> (artifact id: '47050b8249e56ea13e45bf177d15170b') in 0.023424 seconds
Number of updated asset objects reloaded before import = 0
Number of asset objects unloaded after import = 3
========================================================================
Received Import Request.
  Time since last request: 0.000025 seconds.
  path: Assets/pAssets/Sprites/Wall_25.png
  artifactKey: Guid(390315a1a73bd8842aa4f2e05efe647a) Importer(815301076,1909f56bfc062723c751e8b465ee728b)
Start importing Assets/pAssets/Sprites/Wall_25.png using Guid(390315a1a73bd8842aa4f2e05efe647a) Importer(815301076,1909f56bfc062723c751e8b465ee728b)  -> (artifact id: '10a0fbf3ad6539a0e3d0c65d3e50f487') in 0.024384 seconds
Number of updated asset objects reloaded before import = 0
Number of asset objects unloaded after import = 3
========================================================================
Received Import Request.
  Time since last request: 0.000024 seconds.
  path: Assets/pAssets/Sprites/Pacman_Death_01.png
  artifactKey: Guid(7c2a3428d5369f54e89eac69cd0ee74f) Importer(815301076,1909f56bfc062723c751e8b465ee728b)
Start importing Assets/pAssets/Sprites/Pacman_Death_01.png using Guid(7c2a3428d5369f54e89eac69cd0ee74f) Importer(815301076,1909f56bfc062723c751e8b465ee728b)  -> (artifact id: 'cc74074706b580e7115362e0004dada1') in 0.026340 seconds
Number of updated asset objects reloaded before import = 0
Number of asset objects unloaded after import = 3
========================================================================
Received Import Request.
  Time since last request: 0.000027 seconds.
  path: Assets/pAssets/Sprites/Node.png
  artifactKey: Guid(73ec44e4741057941bfbfd484bd0ff60) Importer(815301076,1909f56bfc062723c751e8b465ee728b)
Start importing Assets/pAssets/Sprites/Node.png using Guid(73ec44e4741057941bfbfd484bd0ff60) Importer(815301076,1909f56bfc062723c751e8b465ee728b)  -> (artifact id: 'bfe45d3579e2f9ce12942955595c8fc0') in 0.024131 seconds
Number of updated asset objects reloaded before import = 0
Number of asset objects unloaded after import = 3
========================================================================
Received Import Request.
  Time since last request: 0.000016 seconds.
  path: Assets/pAssets/Sprites/Wall_08.png
  artifactKey: Guid(8d3e7acfbe56ae24d8bf1c6d9b99af6d) Importer(815301076,1909f56bfc062723c751e8b465ee728b)
Start importing Assets/pAssets/Sprites/Wall_08.png using Guid(8d3e7acfbe56ae24d8bf1c6d9b99af6d) Importer(815301076,1909f56bfc062723c751e8b465ee728b)  -> (artifact id: '435359f0e5301b7fb3464fee5ca2368e') in 0.025611 seconds
Number of updated asset objects reloaded before import = 0
Number of asset objects unloaded after import = 3
========================================================================
Received Import Request.
  Time since last request: 0.000020 seconds.
  path: Assets/pAssets/Sprites/Wall_34.png
  artifactKey: Guid(336cb5f821d09e94ca211f1a42e47428) Importer(815301076,1909f56bfc062723c751e8b465ee728b)
Start importing Assets/pAssets/Sprites/Wall_34.png using Guid(336cb5f821d09e94ca211f1a42e47428) Importer(815301076,1909f56bfc062723c751e8b465ee728b)  -> (artifact id: '20f22adc6d5fcb8a43da22ce30e63157') in 0.025016 seconds
Number of updated asset objects reloaded before import = 0
Number of asset objects unloaded after import = 3
========================================================================
Received Import Request.
  Time since last request: 0.000017 seconds.
  path: Assets/pAssets/Sprites/Wall_02.png
  artifactKey: Guid(1e35994e85d4e06438561e6d4289e2d3) Importer(815301076,1909f56bfc062723c751e8b465ee728b)
Start importing Assets/pAssets/Sprites/Wall_02.png using Guid(1e35994e85d4e06438561e6d4289e2d3) Importer(815301076,1909f56bfc062723c751e8b465ee728b)  -> (artifact id: 'd2a1149828efe6d403e0b471cc03d667') in 0.025351 seconds
Number of updated asset objects reloaded before import = 0
Number of asset objects unloaded after import = 3
========================================================================
Received Import Request.
  Time since last request: 0.000017 seconds.
  path: Assets/pAssets/Sprites/Wall_16.png
  artifactKey: Guid(369fed99b29f81d4d926569de4472465) Importer(815301076,1909f56bfc062723c751e8b465ee728b)
Start importing Assets/pAssets/Sprites/Wall_16.png using Guid(369fed99b29f81d4d926569de4472465) Importer(815301076,1909f56bfc062723c751e8b465ee728b)  -> (artifact id: '4cafd6df21bb5a0997a5595b80719b6f') in 0.024190 seconds
Number of updated asset objects reloaded before import = 0
Number of asset objects unloaded after import = 3
========================================================================
Received Import Request.
  Time since last request: 0.000017 seconds.
  path: Assets/pAssets/Sprites/Wall_03.png
  artifactKey: Guid(1b5f53d85c6ef3e479b07ca754ac0317) Importer(815301076,1909f56bfc062723c751e8b465ee728b)
Start importing Assets/pAssets/Sprites/Wall_03.png using Guid(1b5f53d85c6ef3e479b07ca754ac0317) Importer(815301076,1909f56bfc062723c751e8b465ee728b)  -> (artifact id: '623150648ef3f596336766703c48f77b') in 0.024137 seconds
Number of updated asset objects reloaded before import = 0
Number of asset objects unloaded after import = 3
========================================================================
Received Import Request.
  Time since last request: 0.000019 seconds.
  path: Assets/pAssets/Sprites/Wall_05.png
  artifactKey: Guid(c5111370543b9c74bacb41934c46f6c7) Importer(815301076,1909f56bfc062723c751e8b465ee728b)
Start importing Assets/pAssets/Sprites/Wall_05.png using Guid(c5111370543b9c74bacb41934c46f6c7) Importer(815301076,1909f56bfc062723c751e8b465ee728b)  -> (artifact id: '28f0ca9f9ff93682e9bcd5afeb68eb12') in 0.020744 seconds
Number of updated asset objects reloaded before import = 0
Number of asset objects unloaded after import = 3
========================================================================
Received Import Request.
  Time since last request: 0.000028 seconds.
  path: Assets/pAssets/Sprites/Wall_32.png
  artifactKey: Guid(136f271ecf4824245a51cb283d33d5fc) Importer(815301076,1909f56bfc062723c751e8b465ee728b)
Start importing Assets/pAssets/Sprites/Wall_32.png using Guid(136f271ecf4824245a51cb283d33d5fc) Importer(815301076,1909f56bfc062723c751e8b465ee728b)  -> (artifact id: '953493b3ddf64f5f8c297b135cd7ad4d') in 0.022814 seconds
Number of updated asset objects reloaded before import = 0
Number of asset objects unloaded after import = 3
========================================================================
Received Import Request.
  Time since last request: 0.000016 seconds.
  path: Assets/pAssets/Sprites/Wall_15.png
  artifactKey: Guid(b3fc314fd1a7e2c4f9bff97a1f89a607) Importer(815301076,1909f56bfc062723c751e8b465ee728b)
Start importing Assets/pAssets/Sprites/Wall_15.png using Guid(b3fc314fd1a7e2c4f9bff97a1f89a607) Importer(815301076,1909f56bfc062723c751e8b465ee728b)  -> (artifact id: 'dace373ccf36c94c7a05e32375b0f649') in 0.020603 seconds
Number of updated asset objects reloaded before import = 0
Number of asset objects unloaded after import = 3
========================================================================
Received Import Request.
  Time since last request: 0.000017 seconds.
  path: Assets/pAssets/Sprites/Ghost_Vulnerable_White_02.png
  artifactKey: Guid(0046507bc33d04343a6bcbf90288aff2) Importer(815301076,1909f56bfc062723c751e8b465ee728b)
Start importing Assets/pAssets/Sprites/Ghost_Vulnerable_White_02.png using Guid(0046507bc33d04343a6bcbf90288aff2) Importer(815301076,1909f56bfc062723c751e8b465ee728b)  -> (artifact id: 'afca2a6f91855a158266b42b6d272597') in 0.026317 seconds
Number of updated asset objects reloaded before import = 0
Number of asset objects unloaded after import = 3
========================================================================
Received Import Request.
  Time since last request: 0.000024 seconds.
  path: Assets/pAssets/Sprites/Wall_07.png
  artifactKey: Guid(22b85c5a1b35f6344bea572b841882b1) Importer(815301076,1909f56bfc062723c751e8b465ee728b)
Start importing Assets/pAssets/Sprites/Wall_07.png using Guid(22b85c5a1b35f6344bea572b841882b1) Importer(815301076,1909f56bfc062723c751e8b465ee728b)  -> (artifact id: '041541a1178b46b6bb3b67f4bf96ca8a') in 0.024946 seconds
Number of updated asset objects reloaded before import = 0
Number of asset objects unloaded after import = 3
========================================================================
Received Import Request.
  Time since last request: 0.000018 seconds.
  path: Assets/pAssets/Sprites/Wall_12.png
  artifactKey: Guid(8d65a6fd64925c141847db8ffa1b186f) Importer(815301076,1909f56bfc062723c751e8b465ee728b)
Start importing Assets/pAssets/Sprites/Wall_12.png using Guid(8d65a6fd64925c141847db8ffa1b186f) Importer(815301076,1909f56bfc062723c751e8b465ee728b)  -> (artifact id: 'b1af09841aec1dff4b40314b41fbb26e') in 0.023210 seconds
Number of updated asset objects reloaded before import = 0
Number of asset objects unloaded after import = 3
========================================================================
Received Import Request.
  Time since last request: 0.000022 seconds.
  path: Assets/pAssets/Sprites/Wall_33.png
  artifactKey: Guid(6b830f44b1eccbe4da6496d4fe5082f7) Importer(815301076,1909f56bfc062723c751e8b465ee728b)
Start importing Assets/pAssets/Sprites/Wall_33.png using Guid(6b830f44b1eccbe4da6496d4fe5082f7) Importer(815301076,1909f56bfc062723c751e8b465ee728b)  -> (artifact id: 'c0d039f1ebd8eb8d87329d3b3b53a0da') in 0.026124 seconds
Number of updated asset objects reloaded before import = 0
Number of asset objects unloaded after import = 3
========================================================================
Received Import Request.
  Time since last request: 0.000021 seconds.
  path: Assets/pAssets/Sprites/Wall_36.png
  artifactKey: Guid(b205f5c04b61b034fb3275def4c4af50) Importer(815301076,1909f56bfc062723c751e8b465ee728b)
Start importing Assets/pAssets/Sprites/Wall_36.png using Guid(b205f5c04b61b034fb3275def4c4af50) Importer(815301076,1909f56bfc062723c751e8b465ee728b)  -> (artifact id: '009b92e42a29371e3a51f65bb6058025') in 0.025888 seconds
Number of updated asset objects reloaded before import = 0
Number of asset objects unloaded after import = 3
========================================================================
Received Import Request.
  Time since last request: 0.000029 seconds.
  path: Assets/pAssets/Sprites/Ghost_Eyes_Down.png
  artifactKey: Guid(b97167c35748db84fb4d32f4f242922a) Importer(815301076,1909f56bfc062723c751e8b465ee728b)
Start importing Assets/pAssets/Sprites/Ghost_Eyes_Down.png using Guid(b97167c35748db84fb4d32f4f242922a) Importer(815301076,1909f56bfc062723c751e8b465ee728b)  -> (artifact id: 'd96adef958088a1b98d7596bf7c8e546') in 0.024120 seconds
Number of updated asset objects reloaded before import = 0
Number of asset objects unloaded after import = 3
========================================================================
Received Import Request.
  Time since last request: 0.000016 seconds.
  path: Assets/pAssets/Sprites/Wall_35.png
  artifactKey: Guid(33049e65c3e2df443a07c4d4147162e0) Importer(815301076,1909f56bfc062723c751e8b465ee728b)
Start importing Assets/pAssets/Sprites/Wall_35.png using Guid(33049e65c3e2df443a07c4d4147162e0) Importer(815301076,1909f56bfc062723c751e8b465ee728b)  -> (artifact id: 'e150c3b60a4b78f9a37d6f75e55bfad1') in 0.024281 seconds
Number of updated asset objects reloaded before import = 0
Number of asset objects unloaded after import = 3
========================================================================
Received Import Request.
  Time since last request: 0.000019 seconds.
  path: Assets/pAssets/Sprites/Wall_10.png
  artifactKey: Guid(d7b8d195d13895a43a865dbf51e0f9d5) Importer(815301076,1909f56bfc062723c751e8b465ee728b)
Start importing Assets/pAssets/Sprites/Wall_10.png using Guid(d7b8d195d13895a43a865dbf51e0f9d5) Importer(815301076,1909f56bfc062723c751e8b465ee728b)  -> (artifact id: '90639245fab556b5c579310bd583b43b') in 0.025633 seconds
Number of updated asset objects reloaded before import = 0
Number of asset objects unloaded after import = 3
========================================================================
Received Import Request.
  Time since last request: 0.000019 seconds.
  path: Assets/pAssets/Sprites/Wall_20.png
  artifactKey: Guid(d0460c4bafe8a95469fb0431894e6cf4) Importer(815301076,1909f56bfc062723c751e8b465ee728b)
Start importing Assets/pAssets/Sprites/Wall_20.png using Guid(d0460c4bafe8a95469fb0431894e6cf4) Importer(815301076,1909f56bfc062723c751e8b465ee728b)  -> (artifact id: 'd7882861238b5080c49ea4b294e0cba6') in 0.024482 seconds
Number of updated asset objects reloaded before import = 0
Number of asset objects unloaded after import = 3
========================================================================
Received Import Request.
  Time since last request: 0.000017 seconds.
  path: Assets/pAssets/Sprites/Ghost_Eyes_Right.png
  artifactKey: Guid(07ddb51374d9f19458dad756bbbcd880) Importer(815301076,1909f56bfc062723c751e8b465ee728b)
Start importing Assets/pAssets/Sprites/Ghost_Eyes_Right.png using Guid(07ddb51374d9f19458dad756bbbcd880) Importer(815301076,1909f56bfc062723c751e8b465ee728b)  -> (artifact id: 'f1ae66ff404dc869192cf9742439612e') in 0.026303 seconds
Number of updated asset objects reloaded before import = 0
Number of asset objects unloaded after import = 3
Editor requested this worker to shutdown with reason: Scaling down because of idle timeout
TcpMessagingSession - receive error: operation aborted. errorcode: 995, details: Bir iþ parçacýðý çýkýþý veya bir uygulama isteði nedeniyle G/Ç iþlemi iptal edildi.
AssetImportWorker is now disconnected from the server
Process exiting
Exiting without the bug reporter. Application will terminate with return code 0