Using pre-set license
Built from '2022.3/staging' branch; Version is '2022.3.10f1 (ff3792e53c62) revision 16725906'; Using compiler version '192829333'; Build Type 'Release'
OS: 'Windows 10  (10.0.19045) 64bit Professional' Language: 'en' Physical Memory: 16332 MB
BatchMode: 1, IsHumanControllingUs: 0, StartBugReporterOnCrash: 0, Is64bit: 1, IsPro: 1

COMMAND LINE ARGUMENTS:
C:\Unitys\2022.3.10f1\Editor\Unity.exe
-adb2
-batchMode
-noUpm
-name
AssetImportWorker4
-projectPath
C:/Unitys/Pac-Man Deneme
-logFile
Logs/AssetImportWorker4.log
-srvPort
50183
Successfully changed project path to: C:/Unitys/Pac-Man Deneme
C:/Unitys/Pac-Man Deneme
[UnityMemory] Configuration Parameters - Can be set up in boot.config
    "memorysetup-bucket-allocator-granularity=16"
    "memorysetup-bucket-allocator-bucket-count=8"
    "memorysetup-bucket-allocator-block-size=33554432"
    "memorysetup-bucket-allocator-block-count=8"
    "memorysetup-main-allocator-block-size=16777216"
    "memorysetup-thread-allocator-block-size=16777216"
    "memorysetup-gfx-main-allocator-block-size=16777216"
    "memorysetup-gfx-thread-allocator-block-size=16777216"
    "memorysetup-cache-allocator-block-size=4194304"
    "memorysetup-typetree-allocator-block-size=2097152"
    "memorysetup-profiler-bucket-allocator-granularity=16"
    "memorysetup-profiler-bucket-allocator-bucket-count=8"
    "memorysetup-profiler-bucket-allocator-block-size=33554432"
    "memorysetup-profiler-bucket-allocator-block-count=8"
    "memorysetup-profiler-allocator-block-size=16777216"
    "memorysetup-profiler-editor-allocator-block-size=1048576"
    "memorysetup-temp-allocator-size-main=16777216"
    "memorysetup-job-temp-allocator-block-size=2097152"
    "memorysetup-job-temp-allocator-block-size-background=1048576"
    "memorysetup-job-temp-allocator-reduction-small-platforms=262144"
    "memorysetup-allocator-temp-initial-block-size-main=262144"
    "memorysetup-allocator-temp-initial-block-size-worker=262144"
    "memorysetup-temp-allocator-size-background-worker=32768"
    "memorysetup-temp-allocator-size-job-worker=262144"
    "memorysetup-temp-allocator-size-preload-manager=33554432"
    "memorysetup-temp-allocator-size-nav-mesh-worker=65536"
    "memorysetup-temp-allocator-size-audio-worker=65536"
    "memorysetup-temp-allocator-size-cloud-worker=32768"
    "memorysetup-temp-allocator-size-gi-baking-worker=262144"
    "memorysetup-temp-allocator-size-gfx=262144"
Player connection [21108] Host "[IP] 192.168.1.106 [Port] 0 [Flags] 2 [Guid] 2701179734 [EditorId] 2701179734 [Version] 1048832 [Id] WindowsEditor(7,superhadtr) [Debug] 1 [PackageName] WindowsEditor [ProjectName] Editor" joined multi-casting on [225.0.0.222:54997]...

Player connection [21108] Host "[IP] 192.168.1.106 [Port] 0 [Flags] 2 [Guid] 2701179734 [EditorId] 2701179734 [Version] 1048832 [Id] WindowsEditor(7,superhadtr) [Debug] 1 [PackageName] WindowsEditor [ProjectName] Editor" joined alternative multi-casting on [225.0.0.222:34997]...

[Physics::Module] Initialized MultithreadedJobDispatcher with 11 workers.
Refreshing native plugins compatible for Editor in 14.01 ms, found 4 plugins.
Preloading 0 native plugins for Editor in 0.00 ms.
Initialize engine version: 2022.3.10f1 (ff3792e53c62)
[Subsystems] Discovering subsystems at path C:/Unitys/2022.3.10f1/Editor/Data/Resources/UnitySubsystems
[Subsystems] Discovering subsystems at path C:/Unitys/Pac-Man Deneme/Assets
GfxDevice: creating device client; threaded=0; jobified=0
Direct3D:
    Version:  Direct3D 11.0 [level 11.1]
    Renderer: NVIDIA GeForce RTX 2060 (ID=0x1f08)
    Vendor:   NVIDIA
    VRAM:     5968 MB
    Driver:   31.0.15.3758
Initialize mono
Mono path[0] = 'C:/Unitys/2022.3.10f1/Editor/Data/Managed'
Mono path[1] = 'C:/Unitys/2022.3.10f1/Editor/Data/MonoBleedingEdge/lib/mono/unityjit-win32'
Mono config path = 'C:/Unitys/2022.3.10f1/Editor/Data/MonoBleedingEdge/etc'
Using monoOptions --debugger-agent=transport=dt_socket,embedding=1,server=y,suspend=n,address=127.0.0.1:56468
Begin MonoManager ReloadAssembly
Registering precompiled unity dll's ...
Register platform support module: C:/Unitys/2022.3.10f1/Editor/Data/PlaybackEngines/WindowsStandaloneSupport/UnityEditor.WindowsStandalone.Extensions.dll
Registered in 0.009053 seconds.
- Loaded All Assemblies, in  0.370 seconds
Native extension for WindowsStandalone target not found
Mono: successfully reloaded assembly
- Finished resetting the current domain, in  0.262 seconds
Domain Reload Profiling: 630ms
	BeginReloadAssembly (97ms)
		ExecutionOrderSort (0ms)
		DisableScriptedObjects (0ms)
		BackupInstance (0ms)
		ReleaseScriptingObjects (0ms)
		CreateAndSetChildDomain (1ms)
	RebuildCommonClasses (36ms)
	RebuildNativeTypeToScriptingClass (12ms)
	initialDomainReloadingComplete (64ms)
	LoadAllAssembliesAndSetupDomain (159ms)
		LoadAssemblies (94ms)
		RebuildTransferFunctionScriptingTraits (0ms)
		AnalyzeDomain (157ms)
			TypeCache.Refresh (155ms)
				TypeCache.ScanAssembly (140ms)
			ScanForSourceGeneratedMonoScriptInfo (1ms)
			ResolveRequiredComponents (1ms)
	FinalizeReload (262ms)
		ReleaseScriptCaches (0ms)
		RebuildScriptCaches (0ms)
		SetupLoadedEditorAssemblies (200ms)
			LogAssemblyErrors (0ms)
			InitializePlatformSupportModulesInManaged (9ms)
			SetLoadedEditorAssemblies (7ms)
			RefreshPlugins (0ms)
			BeforeProcessingInitializeOnLoad (2ms)
			ProcessInitializeOnLoadAttributes (135ms)
			ProcessInitializeOnLoadMethodAttributes (47ms)
			AfterProcessingInitializeOnLoad (0ms)
			EditorAssembliesLoaded (0ms)
		ExecutionOrderSort2 (0ms)
		AwakeInstancesAfterBackupRestoration (0ms)
========================================================================
Worker process is ready to serve import requests
Begin MonoManager ReloadAssembly
- Loaded All Assemblies, in  0.652 seconds
Refreshing native plugins compatible for Editor in 5.72 ms, found 4 plugins.
Native extension for WindowsStandalone target not found
Package Manager log level set to [2]
[Package Manager] Server::EnsureServerProcessIsRunning -- launch failed, reason: Unity was launched with the -noUpm command-line argument
[Package Manager] UpmClient::Send -- Unable to send message (not connected to UPM process).
[Package Manager] Cannot connect to Unity Package Manager local server
Mono: successfully reloaded assembly
- Finished resetting the current domain, in  0.632 seconds
Domain Reload Profiling: 1280ms
	BeginReloadAssembly (137ms)
		ExecutionOrderSort (0ms)
		DisableScriptedObjects (5ms)
		BackupInstance (0ms)
		ReleaseScriptingObjects (0ms)
		CreateAndSetChildDomain (21ms)
	RebuildCommonClasses (32ms)
	RebuildNativeTypeToScriptingClass (11ms)
	initialDomainReloadingComplete (43ms)
	LoadAllAssembliesAndSetupDomain (424ms)
		LoadAssemblies (308ms)
		RebuildTransferFunctionScriptingTraits (0ms)
		AnalyzeDomain (195ms)
			TypeCache.Refresh (159ms)
				TypeCache.ScanAssembly (144ms)
			ScanForSourceGeneratedMonoScriptInfo (25ms)
			ResolveRequiredComponents (9ms)
	FinalizeReload (632ms)
		ReleaseScriptCaches (0ms)
		RebuildScriptCaches (0ms)
		SetupLoadedEditorAssemblies (476ms)
			LogAssemblyErrors (0ms)
			InitializePlatformSupportModulesInManaged (7ms)
			SetLoadedEditorAssemblies (5ms)
			RefreshPlugins (0ms)
			BeforeProcessingInitializeOnLoad (90ms)
			ProcessInitializeOnLoadAttributes (292ms)
			ProcessInitializeOnLoadMethodAttributes (74ms)
			AfterProcessingInitializeOnLoad (9ms)
			EditorAssembliesLoaded (0ms)
		ExecutionOrderSort2 (0ms)
		AwakeInstancesAfterBackupRestoration (6ms)
Launched and connected shader compiler UnityShaderCompiler.exe after 0.04 seconds
Refreshing native plugins compatible for Editor in 5.26 ms, found 4 plugins.
Preloading 0 native plugins for Editor in 0.00 ms.
Unloading 5640 Unused Serialized files (Serialized files now loaded: 0)
Unloading 98 unused Assets / (0.9 MB). Loaded Objects now: 6091.
Memory consumption went from 213.0 MB to 212.1 MB.
Total: 4.318700 ms (FindLiveObjects: 0.475700 ms CreateObjectMapping: 0.167000 ms MarkObjects: 3.227600 ms  DeleteObjects: 0.447600 ms)

AssetImportParameters requested are different than current active one (requested -> active):
  custom:container-demuxer-ogg: 62fdf1f143b41e24485cea50d1cbac27 -> 
  custom:video-decoder-ogg-theora: a1e56fd34408186e4bbccfd4996cb3dc -> 
  custom:framework-win-MediaFoundation: 216162199b28c13a410421893ffa2e32 -> 
  custom:CustomObjectIndexerAttribute: a3ef5dd2817f97addfee359851a9dba5 -> 
  custom:container-demuxer-webm: 4f35f7cbe854078d1ac9338744f61a02 -> 
  custom:container-muxer-webm: aa71ff27fc2769a1b78a27578f13a17b -> 
  custom:video-decoder-webm-vp8: 9c59270c3fd7afecdb556c50c9e8de78 -> 
  custom:SearchIndexIgnoredProperties: e643bd26f0fe6173181afceb89e7c659 -> 
  custom:AudioImporter_EditorPlatform: d09bf68614088b80899f8185d706f6e7 -> 
  custom:video-encoder-webm-vp8: eb34c28f22e8b96e1ab97ce403110664 -> 
  custom:audio-decoder-ogg-vorbis: bf7c407c2cedff20999df2af8eb42d56 -> 
  custom:audio-encoder-webm-vorbis: bf7c407c2cedff20999df2af8eb42d56 -> 
========================================================================
Received Import Request.
  Time since last request: 149161.310489 seconds.
  path: Assets/pAssets/Sprites/Wall_04.png
  artifactKey: Guid(8fe1022521c11cb47a859a6bfb7a6777) Importer(815301076,1909f56bfc062723c751e8b465ee728b)
Start importing Assets/pAssets/Sprites/Wall_04.png using Guid(8fe1022521c11cb47a859a6bfb7a6777) Importer(815301076,1909f56bfc062723c751e8b465ee728b)  -> (artifact id: '1905c2172ad5d39facb2822823cd2297') in 0.116732 seconds
Number of updated asset objects reloaded before import = 0
Number of asset objects unloaded after import = 3
========================================================================
Received Import Request.
  Time since last request: 0.000018 seconds.
  path: Assets/pAssets/Sprites/Pacman_Death_05.png
  artifactKey: Guid(7ae4f038555669349b19305499ef3267) Importer(815301076,1909f56bfc062723c751e8b465ee728b)
Start importing Assets/pAssets/Sprites/Pacman_Death_05.png using Guid(7ae4f038555669349b19305499ef3267) Importer(815301076,1909f56bfc062723c751e8b465ee728b)  -> (artifact id: '2c621d0cfc4de6eeb25b4285af97ab46') in 0.021778 seconds
Number of updated asset objects reloaded before import = 0
Number of asset objects unloaded after import = 3
========================================================================
Received Import Request.
  Time since last request: 0.000023 seconds.
  path: Assets/pAssets/Sprites/Wall_10.png
  artifactKey: Guid(d7b8d195d13895a43a865dbf51e0f9d5) Importer(815301076,1909f56bfc062723c751e8b465ee728b)
Start importing Assets/pAssets/Sprites/Wall_10.png using Guid(d7b8d195d13895a43a865dbf51e0f9d5) Importer(815301076,1909f56bfc062723c751e8b465ee728b)  -> (artifact id: '303232777578842c423cd6cf2614e5a7') in 0.017701 seconds
Number of updated asset objects reloaded before import = 0
Number of asset objects unloaded after import = 3
========================================================================
Received Import Request.
  Time since last request: 0.000014 seconds.
  path: Assets/pAssets/Sprites/Pellet_Small.png
  artifactKey: Guid(8c3087f14f6c62b4e80b25df0276968e) Importer(815301076,1909f56bfc062723c751e8b465ee728b)
Start importing Assets/pAssets/Sprites/Pellet_Small.png using Guid(8c3087f14f6c62b4e80b25df0276968e) Importer(815301076,1909f56bfc062723c751e8b465ee728b)  -> (artifact id: 'be1944cb477df80427f8367dafc6a7e2') in 0.014753 seconds
Number of updated asset objects reloaded before import = 0
Number of asset objects unloaded after import = 3
========================================================================
Received Import Request.
  Time since last request: 0.000014 seconds.
  path: Assets/pAssets/Sprites/Pacman_Death_01.png
  artifactKey: Guid(7c2a3428d5369f54e89eac69cd0ee74f) Importer(815301076,1909f56bfc062723c751e8b465ee728b)
Start importing Assets/pAssets/Sprites/Pacman_Death_01.png using Guid(7c2a3428d5369f54e89eac69cd0ee74f) Importer(815301076,1909f56bfc062723c751e8b465ee728b)  -> (artifact id: 'ad892c85494e4f90b447ed70898ed08b') in 0.022887 seconds
Number of updated asset objects reloaded before import = 0
Number of asset objects unloaded after import = 3
========================================================================
Received Import Request.
  Time since last request: 0.000015 seconds.
  path: Assets/pAssets/Sprites/Pacman_Death_02.png
  artifactKey: Guid(c2677ca0e0dc70f42a7f29031ae0a7d5) Importer(815301076,1909f56bfc062723c751e8b465ee728b)
Start importing Assets/pAssets/Sprites/Pacman_Death_02.png using Guid(c2677ca0e0dc70f42a7f29031ae0a7d5) Importer(815301076,1909f56bfc062723c751e8b465ee728b)  -> (artifact id: '0955961772d3cf17dc69204b738e339a') in 0.017066 seconds
Number of updated asset objects reloaded before import = 0
Number of asset objects unloaded after import = 3
========================================================================
Received Import Request.
  Time since last request: 0.000020 seconds.
  path: Assets/pAssets/Sprites/Pacman_Death_11.png
  artifactKey: Guid(c66651b84f0bd454e909b29b38595d84) Importer(815301076,1909f56bfc062723c751e8b465ee728b)
Start importing Assets/pAssets/Sprites/Pacman_Death_11.png using Guid(c66651b84f0bd454e909b29b38595d84) Importer(815301076,1909f56bfc062723c751e8b465ee728b)  -> (artifact id: '36f0f8d34c9d38915bdfe484d43d2f28') in 0.014333 seconds
Number of updated asset objects reloaded before import = 0
Number of asset objects unloaded after import = 3
========================================================================
Received Import Request.
  Time since last request: 0.031567 seconds.
  path: Assets/pAssets/Sprites/Ghost_Eyes_Down.png
  artifactKey: Guid(b97167c35748db84fb4d32f4f242922a) Importer(815301076,1909f56bfc062723c751e8b465ee728b)
Start importing Assets/pAssets/Sprites/Ghost_Eyes_Down.png using Guid(b97167c35748db84fb4d32f4f242922a) Importer(815301076,1909f56bfc062723c751e8b465ee728b)  -> (artifact id: '293c3a0ae2bbc768f5a7c046e26fa149') in 0.016016 seconds
Number of updated asset objects reloaded before import = 0
Number of asset objects unloaded after import = 3
========================================================================
Received Import Request.
  Time since last request: 0.000015 seconds.
  path: Assets/pAssets/Sprites/Fruit_Strawberry.png
  artifactKey: Guid(7f92fd0a6259c0748a3798477124414b) Importer(815301076,1909f56bfc062723c751e8b465ee728b)
Start importing Assets/pAssets/Sprites/Fruit_Strawberry.png using Guid(7f92fd0a6259c0748a3798477124414b) Importer(815301076,1909f56bfc062723c751e8b465ee728b)  -> (artifact id: '99b6591fff09b034fd4bfad393f16775') in 0.018834 seconds
Number of updated asset objects reloaded before import = 0
Number of asset objects unloaded after import = 3
========================================================================
Received Import Request.
  Time since last request: 0.000013 seconds.
  path: Assets/pAssets/Sprites/Ghost_Vulnerable_Blue_01.png
  artifactKey: Guid(7031ccde0b7585f4593ec9ccd2626e05) Importer(815301076,1909f56bfc062723c751e8b465ee728b)
Start importing Assets/pAssets/Sprites/Ghost_Vulnerable_Blue_01.png using Guid(7031ccde0b7585f4593ec9ccd2626e05) Importer(815301076,1909f56bfc062723c751e8b465ee728b)  -> (artifact id: '86814a942dea757dc086e7aac6839d2d') in 0.022534 seconds
Number of updated asset objects reloaded before import = 0
Number of asset objects unloaded after import = 3
========================================================================
Received Import Request.
  Time since last request: 0.000039 seconds.
  path: Assets/pAssets/Sprites/Ghost_Vulnerable_White_02.png
  artifactKey: Guid(0046507bc33d04343a6bcbf90288aff2) Importer(815301076,1909f56bfc062723c751e8b465ee728b)
Start importing Assets/pAssets/Sprites/Ghost_Vulnerable_White_02.png using Guid(0046507bc33d04343a6bcbf90288aff2) Importer(815301076,1909f56bfc062723c751e8b465ee728b)  -> (artifact id: '5a84b79b2f824e0426b33ef2a7ab49ff') in 0.015015 seconds
Number of updated asset objects reloaded before import = 0
Number of asset objects unloaded after import = 3
========================================================================
Received Import Request.
  Time since last request: 0.000013 seconds.
  path: Assets/pAssets/Sprites/Fruit_Bell.png
  artifactKey: Guid(9db59b1f7c3f18a488bb7006c8f7d63a) Importer(815301076,1909f56bfc062723c751e8b465ee728b)
Start importing Assets/pAssets/Sprites/Fruit_Bell.png using Guid(9db59b1f7c3f18a488bb7006c8f7d63a) Importer(815301076,1909f56bfc062723c751e8b465ee728b)  -> (artifact id: 'fc11a0175df782f63ca536a7543cc0a9') in 0.015462 seconds
Number of updated asset objects reloaded before import = 0
Number of asset objects unloaded after import = 3
========================================================================
Received Import Request.
  Time since last request: 0.000015 seconds.
  path: Assets/pAssets/Sprites/Node.png
  artifactKey: Guid(73ec44e4741057941bfbfd484bd0ff60) Importer(815301076,1909f56bfc062723c751e8b465ee728b)
Start importing Assets/pAssets/Sprites/Node.png using Guid(73ec44e4741057941bfbfd484bd0ff60) Importer(815301076,1909f56bfc062723c751e8b465ee728b)  -> (artifact id: '00a5f21115f5c59f15ecc27646c89cb4') in 0.015326 seconds
Number of updated asset objects reloaded before import = 0
Number of asset objects unloaded after import = 3
========================================================================
Received Import Request.
  Time since last request: 89.634191 seconds.
  path: Assets/pAssets/Sprites/Wall_22.png
  artifactKey: Guid(5d893e4abcbcea6468a26182ad2b8837) Importer(815301076,1909f56bfc062723c751e8b465ee728b)
Start importing Assets/pAssets/Sprites/Wall_22.png using Guid(5d893e4abcbcea6468a26182ad2b8837) Importer(815301076,1909f56bfc062723c751e8b465ee728b)  -> (artifact id: 'ab9e02f3c69bd642319106e66e3b4fdb') in 0.014590 seconds
Number of updated asset objects reloaded before import = 0
Number of asset objects unloaded after import = 3
========================================================================
Received Import Request.
  Time since last request: 0.003126 seconds.
  path: Assets/pAssets/Sprites/Wall_14.png
  artifactKey: Guid(c0414a577e42f6b428c98cb22b1c6ab8) Importer(815301076,1909f56bfc062723c751e8b465ee728b)
Start importing Assets/pAssets/Sprites/Wall_14.png using Guid(c0414a577e42f6b428c98cb22b1c6ab8) Importer(815301076,1909f56bfc062723c751e8b465ee728b)  -> (artifact id: '85a1eef8fa1262f4d20064a80755a68e') in 0.017925 seconds
Number of updated asset objects reloaded before import = 0
Number of asset objects unloaded after import = 3
========================================================================
Received Import Request.
  Time since last request: 0.000024 seconds.
  path: Assets/pAssets/Sprites/Wall_37.png
  artifactKey: Guid(b1372eb48ab258e4d9cc78b4b8ae51e9) Importer(815301076,1909f56bfc062723c751e8b465ee728b)
Start importing Assets/pAssets/Sprites/Wall_37.png using Guid(b1372eb48ab258e4d9cc78b4b8ae51e9) Importer(815301076,1909f56bfc062723c751e8b465ee728b)  -> (artifact id: '47f60b14d2d613b7b0b3a03cf43fdc97') in 0.019588 seconds
Number of updated asset objects reloaded before import = 0
Number of asset objects unloaded after import = 3
========================================================================
Received Import Request.
  Time since last request: 0.000034 seconds.
  path: Assets/pAssets/Sprites/Wall_31.png
  artifactKey: Guid(2b5a88d05512c574f8fbefbe5cbc71e9) Importer(815301076,1909f56bfc062723c751e8b465ee728b)
Start importing Assets/pAssets/Sprites/Wall_31.png using Guid(2b5a88d05512c574f8fbefbe5cbc71e9) Importer(815301076,1909f56bfc062723c751e8b465ee728b)  -> (artifact id: '77c18d985270346490842d6f45726ca4') in 0.015956 seconds
Number of updated asset objects reloaded before import = 0
Number of asset objects unloaded after import = 3
========================================================================
Received Import Request.
  Time since last request: 0.000014 seconds.
  path: Assets/pAssets/Sprites/Wall_25.png
  artifactKey: Guid(390315a1a73bd8842aa4f2e05efe647a) Importer(815301076,1909f56bfc062723c751e8b465ee728b)
Start importing Assets/pAssets/Sprites/Wall_25.png using Guid(390315a1a73bd8842aa4f2e05efe647a) Importer(815301076,1909f56bfc062723c751e8b465ee728b)  -> (artifact id: '1b5ee66c4b456239d8e231ba1c642445') in 0.016234 seconds
Number of updated asset objects reloaded before import = 0
Number of asset objects unloaded after import = 3
========================================================================
Received Import Request.
  Time since last request: 0.000023 seconds.
  path: Assets/pAssets/Sprites/Wall_32.png
  artifactKey: Guid(136f271ecf4824245a51cb283d33d5fc) Importer(815301076,1909f56bfc062723c751e8b465ee728b)
Start importing Assets/pAssets/Sprites/Wall_32.png using Guid(136f271ecf4824245a51cb283d33d5fc) Importer(815301076,1909f56bfc062723c751e8b465ee728b)  -> (artifact id: '1f369b5be5fc4bdca595f7890a60038b') in 0.015557 seconds
Number of updated asset objects reloaded before import = 0
Number of asset objects unloaded after import = 3
========================================================================
Received Import Request.
  Time since last request: 0.000015 seconds.
  path: Assets/pAssets/Sprites/Wall_21.png
  artifactKey: Guid(5aab2461aed5bc9449fdde9974a8d998) Importer(815301076,1909f56bfc062723c751e8b465ee728b)
Start importing Assets/pAssets/Sprites/Wall_21.png using Guid(5aab2461aed5bc9449fdde9974a8d998) Importer(815301076,1909f56bfc062723c751e8b465ee728b)  -> (artifact id: '447028abe7edcde94d35f1e54f33c99f') in 0.015690 seconds
Number of updated asset objects reloaded before import = 0
Number of asset objects unloaded after import = 3
========================================================================
Received Import Request.
  Time since last request: 0.000014 seconds.
  path: Assets/pAssets/Sprites/Wall_36.png
  artifactKey: Guid(b205f5c04b61b034fb3275def4c4af50) Importer(815301076,1909f56bfc062723c751e8b465ee728b)
Start importing Assets/pAssets/Sprites/Wall_36.png using Guid(b205f5c04b61b034fb3275def4c4af50) Importer(815301076,1909f56bfc062723c751e8b465ee728b)  -> (artifact id: 'f73d015fb34ecbbbbda5f5744d55fff8') in 0.016681 seconds
Number of updated asset objects reloaded before import = 0
Number of asset objects unloaded after import = 3
========================================================================
Received Import Request.
  Time since last request: 0.000026 seconds.
  path: Assets/pAssets/Sprites/Wall_20.png
  artifactKey: Guid(d0460c4bafe8a95469fb0431894e6cf4) Importer(815301076,1909f56bfc062723c751e8b465ee728b)
Start importing Assets/pAssets/Sprites/Wall_20.png using Guid(d0460c4bafe8a95469fb0431894e6cf4) Importer(815301076,1909f56bfc062723c751e8b465ee728b)  -> (artifact id: 'e7656f30894ea9d7ffc7ceac44fba726') in 0.016424 seconds
Number of updated asset objects reloaded before import = 0
Number of asset objects unloaded after import = 3
========================================================================
Received Import Request.
  Time since last request: 0.000017 seconds.
  path: Assets/pAssets/Sprites/Wall_23.png
  artifactKey: Guid(8ec9db974ae7c5d409885b239d2ec55b) Importer(815301076,1909f56bfc062723c751e8b465ee728b)
Start importing Assets/pAssets/Sprites/Wall_23.png using Guid(8ec9db974ae7c5d409885b239d2ec55b) Importer(815301076,1909f56bfc062723c751e8b465ee728b)  -> (artifact id: '3af77e50a7387339b7d184dcf2777626') in 0.017122 seconds
Number of updated asset objects reloaded before import = 0
Number of asset objects unloaded after import = 3
========================================================================
Received Import Request.
  Time since last request: 0.000019 seconds.
  path: Assets/pAssets/Sprites/Wall_17.png
  artifactKey: Guid(3f52fd47e1d19304b831203ccebde5bf) Importer(815301076,1909f56bfc062723c751e8b465ee728b)
Start importing Assets/pAssets/Sprites/Wall_17.png using Guid(3f52fd47e1d19304b831203ccebde5bf) Importer(815301076,1909f56bfc062723c751e8b465ee728b)  -> (artifact id: 'e57696b901f494a319f379eb228fa0fe') in 0.017758 seconds
Number of updated asset objects reloaded before import = 0
Number of asset objects unloaded after import = 3
========================================================================
Received Import Request.
  Time since last request: 0.000031 seconds.
  path: Assets/pAssets/Sprites/Wall_35.png
  artifactKey: Guid(33049e65c3e2df443a07c4d4147162e0) Importer(815301076,1909f56bfc062723c751e8b465ee728b)
Start importing Assets/pAssets/Sprites/Wall_35.png using Guid(33049e65c3e2df443a07c4d4147162e0) Importer(815301076,1909f56bfc062723c751e8b465ee728b)  -> (artifact id: 'f7e2e7eae583ea987a6f186e09bf09cb') in 0.015950 seconds
Number of updated asset objects reloaded before import = 0
Number of asset objects unloaded after import = 3
========================================================================
Received Import Request.
  Time since last request: 0.000018 seconds.
  path: Assets/pAssets/Sprites/Wall_26.png
  artifactKey: Guid(4a3f1f82d57cce44b938b9061baccc56) Importer(815301076,1909f56bfc062723c751e8b465ee728b)
Start importing Assets/pAssets/Sprites/Wall_26.png using Guid(4a3f1f82d57cce44b938b9061baccc56) Importer(815301076,1909f56bfc062723c751e8b465ee728b)  -> (artifact id: '40892c600432450becdfb3c371ad3acf') in 0.013403 seconds
Number of updated asset objects reloaded before import = 0
Number of asset objects unloaded after import = 3
========================================================================
Received Import Request.
  Time since last request: 0.614963 seconds.
  path: Assets/pAssets/Sprites/Wall_14.png
  artifactKey: Guid(c0414a577e42f6b428c98cb22b1c6ab8) Importer(2089858483,0ecaa5967403d082aa24f35e1b516d23)
Start importing Assets/pAssets/Sprites/Wall_14.png using Guid(c0414a577e42f6b428c98cb22b1c6ab8) Importer(2089858483,0ecaa5967403d082aa24f35e1b516d23) Generated GUIDs only implemented for interfaces!
 -> (artifact id: 'acce811db08acb51303bdac343774998') in 0.228573 seconds
Number of updated asset objects reloaded before import = 0
Number of asset objects unloaded after import = 3
========================================================================
Received Import Request.
  Time since last request: 0.000022 seconds.
  path: Assets/pAssets/Sprites/Wall_37.png
  artifactKey: Guid(b1372eb48ab258e4d9cc78b4b8ae51e9) Importer(2089858483,0ecaa5967403d082aa24f35e1b516d23)
Start importing Assets/pAssets/Sprites/Wall_37.png using Guid(b1372eb48ab258e4d9cc78b4b8ae51e9) Importer(2089858483,0ecaa5967403d082aa24f35e1b516d23) Generated GUIDs only implemented for interfaces!
 -> (artifact id: '7dfb018528e47aec7efc7e73076deb11') in 0.026765 seconds
Number of updated asset objects reloaded before import = 0
Number of asset objects unloaded after import = 3
========================================================================
Received Import Request.
  Time since last request: 0.000025 seconds.
  path: Assets/pAssets/Sprites/Wall_26.png
  artifactKey: Guid(4a3f1f82d57cce44b938b9061baccc56) Importer(2089858483,0ecaa5967403d082aa24f35e1b516d23)
Start importing Assets/pAssets/Sprites/Wall_26.png using Guid(4a3f1f82d57cce44b938b9061baccc56) Importer(2089858483,0ecaa5967403d082aa24f35e1b516d23) Generated GUIDs only implemented for interfaces!
 -> (artifact id: '6c660066bb7f82b524fe207ca7db3e0a') in 0.031061 seconds
Number of updated asset objects reloaded before import = 0
Number of asset objects unloaded after import = 3
========================================================================
Received Import Request.
  Time since last request: 0.000017 seconds.
  path: Assets/pAssets/Sprites/Node.png
  artifactKey: Guid(73ec44e4741057941bfbfd484bd0ff60) Importer(2089858483,0ecaa5967403d082aa24f35e1b516d23)
Start importing Assets/pAssets/Sprites/Node.png using Guid(73ec44e4741057941bfbfd484bd0ff60) Importer(2089858483,0ecaa5967403d082aa24f35e1b516d23) Generated GUIDs only implemented for interfaces!
 -> (artifact id: '72cf6ae6dd194d10f76dcdee9a063f18') in 0.028819 seconds
Number of updated asset objects reloaded before import = 0
Number of asset objects unloaded after import = 3
========================================================================
Received Import Request.
  Time since last request: 0.000019 seconds.
  path: Assets/pAssets/Sprites/Wall_15.png
  artifactKey: Guid(b3fc314fd1a7e2c4f9bff97a1f89a607) Importer(2089858483,0ecaa5967403d082aa24f35e1b516d23)
Start importing Assets/pAssets/Sprites/Wall_15.png using Guid(b3fc314fd1a7e2c4f9bff97a1f89a607) Importer(2089858483,0ecaa5967403d082aa24f35e1b516d23) Generated GUIDs only implemented for interfaces!
 -> (artifact id: 'f3c127067a5ff3230c2cee028fe0213d') in 0.028337 seconds
Number of updated asset objects reloaded before import = 0
Number of asset objects unloaded after import = 3
========================================================================
Received Import Request.
  Time since last request: 0.000015 seconds.
  path: Assets/pAssets/Sprites/Wall_16.png
  artifactKey: Guid(369fed99b29f81d4d926569de4472465) Importer(2089858483,0ecaa5967403d082aa24f35e1b516d23)
Start importing Assets/pAssets/Sprites/Wall_16.png using Guid(369fed99b29f81d4d926569de4472465) Importer(2089858483,0ecaa5967403d082aa24f35e1b516d23) Generated GUIDs only implemented for interfaces!
 -> (artifact id: '847e5adec1f3c417c399601dfc9ed32c') in 0.027130 seconds
Number of updated asset objects reloaded before import = 0
Number of asset objects unloaded after import = 3
========================================================================
Received Import Request.
  Time since last request: 0.000017 seconds.
  path: Assets/pAssets/Sprites/Wall_08.png
  artifactKey: Guid(8d3e7acfbe56ae24d8bf1c6d9b99af6d) Importer(2089858483,0ecaa5967403d082aa24f35e1b516d23)
Start importing Assets/pAssets/Sprites/Wall_08.png using Guid(8d3e7acfbe56ae24d8bf1c6d9b99af6d) Importer(2089858483,0ecaa5967403d082aa24f35e1b516d23) Generated GUIDs only implemented for interfaces!
 -> (artifact id: 'd9cfbba4bc0e2b8a23dab7fc63b1a493') in 0.029055 seconds
Number of updated asset objects reloaded before import = 0
Number of asset objects unloaded after import = 3
========================================================================
Received Import Request.
  Time since last request: 0.000027 seconds.
  path: Assets/pAssets/Sprites/Wall_12.png
  artifactKey: Guid(8d65a6fd64925c141847db8ffa1b186f) Importer(2089858483,0ecaa5967403d082aa24f35e1b516d23)
Start importing Assets/pAssets/Sprites/Wall_12.png using Guid(8d65a6fd64925c141847db8ffa1b186f) Importer(2089858483,0ecaa5967403d082aa24f35e1b516d23) Generated GUIDs only implemented for interfaces!
 -> (artifact id: '1b41dc382be34f3d3862454ba030cd15') in 0.030371 seconds
Number of updated asset objects reloaded before import = 0
Number of asset objects unloaded after import = 3
========================================================================
Received Import Request.
  Time since last request: 0.000017 seconds.
  path: Assets/pAssets/Sprites/Wall_30.png
  artifactKey: Guid(6f115c8eee0d491419895b53625f41dc) Importer(2089858483,0ecaa5967403d082aa24f35e1b516d23)
Start importing Assets/pAssets/Sprites/Wall_30.png using Guid(6f115c8eee0d491419895b53625f41dc) Importer(2089858483,0ecaa5967403d082aa24f35e1b516d23) Generated GUIDs only implemented for interfaces!
 -> (artifact id: '8baecb852876e75caebcbf810d53b155') in 0.029495 seconds
Number of updated asset objects reloaded before import = 0
Number of asset objects unloaded after import = 3
========================================================================
Received Import Request.
  Time since last request: 0.000029 seconds.
  path: Assets/pAssets/Sprites/Wall_00.png
  artifactKey: Guid(e52ee8a5840dcaf4499f536c1580873c) Importer(2089858483,0ecaa5967403d082aa24f35e1b516d23)
Start importing Assets/pAssets/Sprites/Wall_00.png using Guid(e52ee8a5840dcaf4499f536c1580873c) Importer(2089858483,0ecaa5967403d082aa24f35e1b516d23) Generated GUIDs only implemented for interfaces!
 -> (artifact id: '99046ea236bcb795da72c2197e1573e4') in 0.024865 seconds
Number of updated asset objects reloaded before import = 0
Number of asset objects unloaded after import = 3
========================================================================
Received Import Request.
  Time since last request: 0.000019 seconds.
  path: Assets/pAssets/Sprites/Wall_23.png
  artifactKey: Guid(8ec9db974ae7c5d409885b239d2ec55b) Importer(2089858483,0ecaa5967403d082aa24f35e1b516d23)
Start importing Assets/pAssets/Sprites/Wall_23.png using Guid(8ec9db974ae7c5d409885b239d2ec55b) Importer(2089858483,0ecaa5967403d082aa24f35e1b516d23) Generated GUIDs only implemented for interfaces!
 -> (artifact id: 'd6d321b8dc1f9f4e3e1fe82f2a78bc76') in 0.032518 seconds
Number of updated asset objects reloaded before import = 0
Number of asset objects unloaded after import = 3
========================================================================
Received Import Request.
  Time since last request: 0.000019 seconds.
  path: Assets/pAssets/Sprites/Wall_24.png
  artifactKey: Guid(3ba0ad1f842285948b092fe1a77f1370) Importer(2089858483,0ecaa5967403d082aa24f35e1b516d23)
Start importing Assets/pAssets/Sprites/Wall_24.png using Guid(3ba0ad1f842285948b092fe1a77f1370) Importer(2089858483,0ecaa5967403d082aa24f35e1b516d23) Generated GUIDs only implemented for interfaces!
 -> (artifact id: '345e37d0a9327ee46c6e197747e1ffb3') in 0.029711 seconds
Number of updated asset objects reloaded before import = 0
Number of asset objects unloaded after import = 3
========================================================================
Received Import Request.
  Time since last request: 0.000016 seconds.
  path: Assets/pAssets/Sprites/Wall_25.png
  artifactKey: Guid(390315a1a73bd8842aa4f2e05efe647a) Importer(2089858483,0ecaa5967403d082aa24f35e1b516d23)
Start importing Assets/pAssets/Sprites/Wall_25.png using Guid(390315a1a73bd8842aa4f2e05efe647a) Importer(2089858483,0ecaa5967403d082aa24f35e1b516d23) Generated GUIDs only implemented for interfaces!
 -> (artifact id: '515ba47b6a937dba589ca6c52997dff5') in 0.026663 seconds
Number of updated asset objects reloaded before import = 0
Number of asset objects unloaded after import = 3
========================================================================
Received Import Request.
  Time since last request: 0.000014 seconds.
  path: Assets/pAssets/Sprites/Wall_32.png
  artifactKey: Guid(136f271ecf4824245a51cb283d33d5fc) Importer(2089858483,0ecaa5967403d082aa24f35e1b516d23)
Start importing Assets/pAssets/Sprites/Wall_32.png using Guid(136f271ecf4824245a51cb283d33d5fc) Importer(2089858483,0ecaa5967403d082aa24f35e1b516d23) Generated GUIDs only implemented for interfaces!
 -> (artifact id: 'd8c740819b80016b870e528476eae317') in 0.027881 seconds
Number of updated asset objects reloaded before import = 0
Number of asset objects unloaded after import = 3
========================================================================
Received Import Request.
  Time since last request: 0.000017 seconds.
  path: Assets/pAssets/Sprites/Wall_21.png
  artifactKey: Guid(5aab2461aed5bc9449fdde9974a8d998) Importer(2089858483,0ecaa5967403d082aa24f35e1b516d23)
Start importing Assets/pAssets/Sprites/Wall_21.png using Guid(5aab2461aed5bc9449fdde9974a8d998) Importer(2089858483,0ecaa5967403d082aa24f35e1b516d23) Generated GUIDs only implemented for interfaces!
 -> (artifact id: 'b50d6cc6d205bd36cf5b163c7fb38d54') in 0.032413 seconds
Number of updated asset objects reloaded before import = 0
Number of asset objects unloaded after import = 3
========================================================================
Received Import Request.
  Time since last request: 0.000021 seconds.
  path: Assets/pAssets/Sprites/Wall_28.png
  artifactKey: Guid(57ac5c6063b92b44ba0ee5bec9055a6f) Importer(2089858483,0ecaa5967403d082aa24f35e1b516d23)
Start importing Assets/pAssets/Sprites/Wall_28.png using Guid(57ac5c6063b92b44ba0ee5bec9055a6f) Importer(2089858483,0ecaa5967403d082aa24f35e1b516d23) Generated GUIDs only implemented for interfaces!
 -> (artifact id: '850888310ea1561c96eda616d919770e') in 0.027897 seconds
Number of updated asset objects reloaded before import = 0
Number of asset objects unloaded after import = 3
========================================================================
Received Import Request.
  Time since last request: 0.000023 seconds.
  path: Assets/pAssets/Sprites/Wall_18.png
  artifactKey: Guid(53978c6de61208b4f9d41556ed2089f6) Importer(2089858483,0ecaa5967403d082aa24f35e1b516d23)
Start importing Assets/pAssets/Sprites/Wall_18.png using Guid(53978c6de61208b4f9d41556ed2089f6) Importer(2089858483,0ecaa5967403d082aa24f35e1b516d23) Generated GUIDs only implemented for interfaces!
 -> (artifact id: '7980b48abb4a0b1526eb3d6abac4f070') in 0.041729 seconds
Number of updated asset objects reloaded before import = 0
Number of asset objects unloaded after import = 3
========================================================================
Received Import Request.
  Time since last request: 0.000022 seconds.
  path: Assets/pAssets/Sprites/Pellet_Large.png
  artifactKey: Guid(f5539a5cab8e4b0479adf95423fa7c86) Importer(2089858483,0ecaa5967403d082aa24f35e1b516d23)
Start importing Assets/pAssets/Sprites/Pellet_Large.png using Guid(f5539a5cab8e4b0479adf95423fa7c86) Importer(2089858483,0ecaa5967403d082aa24f35e1b516d23) Generated GUIDs only implemented for interfaces!
 -> (artifact id: '5fc786105e60f87f6188c0ab0b9bd446') in 0.066850 seconds
Number of updated asset objects reloaded before import = 0
Number of asset objects unloaded after import = 3
========================================================================
Received Import Request.
  Time since last request: 156.620818 seconds.
  path: Assets/Tilemap
  artifactKey: Guid(4bcbe3bce76165643acca3d3c7c8d41a) Importer(815301076,1909f56bfc062723c751e8b465ee728b)
Start importing Assets/Tilemap using Guid(4bcbe3bce76165643acca3d3c7c8d41a) Importer(815301076,1909f56bfc062723c751e8b465ee728b)  -> (artifact id: '61d30415718b80a2e147a998b176b9ef') in 0.000626 seconds
Number of updated asset objects reloaded before import = 0
Number of asset objects unloaded after import = 0
========================================================================
Received Import Request.
  Time since last request: 0.962496 seconds.
  path: Assets/Tilemap
  artifactKey: Guid(4bcbe3bce76165643acca3d3c7c8d41a) Importer(2089858483,0ecaa5967403d082aa24f35e1b516d23)
Start importing Assets/Tilemap using Guid(4bcbe3bce76165643acca3d3c7c8d41a) Importer(2089858483,0ecaa5967403d082aa24f35e1b516d23) Generated GUIDs only implemented for interfaces!
 -> (artifact id: 'da611eb83edae5959186fbc6eb87889e') in 0.009545 seconds
Number of updated asset objects reloaded before import = 0
Number of asset objects unloaded after import = 1
========================================================================
Received Import Request.
  Time since last request: 39.229518 seconds.
  path: Assets/Tilemap/Map.prefab
  artifactKey: Guid(db78fa017eead7d4882fbe114442ce59) Importer(815301076,1909f56bfc062723c751e8b465ee728b)
Start importing Assets/Tilemap/Map.prefab using Guid(db78fa017eead7d4882fbe114442ce59) Importer(815301076,1909f56bfc062723c751e8b465ee728b)  -> (artifact id: '09a495254b567c3b47906c60b8b073bb') in 0.166298 seconds
Number of updated asset objects reloaded before import = 0
Number of asset objects unloaded after import = 12
========================================================================
Received Import Request.
  Time since last request: 0.765173 seconds.
  path: Assets/Tilemap/Map.prefab
  artifactKey: Guid(db78fa017eead7d4882fbe114442ce59) Importer(2089858483,0ecaa5967403d082aa24f35e1b516d23)
Start importing Assets/Tilemap/Map.prefab using Guid(db78fa017eead7d4882fbe114442ce59) Importer(2089858483,0ecaa5967403d082aa24f35e1b516d23) Generated GUIDs only implemented for interfaces!
 -> (artifact id: '49a4ba652160ff221542b585f9efda36') in 0.023888 seconds
Number of updated asset objects reloaded before import = 0
Number of asset objects unloaded after import = 10
========================================================================
Received Import Request.
  Time since last request: 28.564531 seconds.
  path: Assets/pAssets/Sprites/Node.png
  artifactKey: Guid(73ec44e4741057941bfbfd484bd0ff60) Importer(815301076,1909f56bfc062723c751e8b465ee728b)
Start importing Assets/pAssets/Sprites/Node.png using Guid(73ec44e4741057941bfbfd484bd0ff60) Importer(815301076,1909f56bfc062723c751e8b465ee728b)  -> (artifact id: 'fa7c556a9c342ab044f98f734e3c42e6') in 0.020131 seconds
Number of updated asset objects reloaded before import = 0
Number of asset objects unloaded after import = 3
========================================================================
Received Import Request.
  Time since last request: 0.000024 seconds.
  path: Assets/pAssets/Sprites/Wall_04.png
  artifactKey: Guid(8fe1022521c11cb47a859a6bfb7a6777) Importer(815301076,1909f56bfc062723c751e8b465ee728b)
Start importing Assets/pAssets/Sprites/Wall_04.png using Guid(8fe1022521c11cb47a859a6bfb7a6777) Importer(815301076,1909f56bfc062723c751e8b465ee728b)  -> (artifact id: '3f45df6117c6e0f0e15b09cfebef0753') in 0.017227 seconds
Number of updated asset objects reloaded before import = 0
Number of asset objects unloaded after import = 3
========================================================================
Received Import Request.
  Time since last request: 0.000017 seconds.
  path: Assets/pAssets/Sprites/Wall_01.png
  artifactKey: Guid(10fbf9dc56da36c45a97cdf11ee1ff64) Importer(815301076,1909f56bfc062723c751e8b465ee728b)
Start importing Assets/pAssets/Sprites/Wall_01.png using Guid(10fbf9dc56da36c45a97cdf11ee1ff64) Importer(815301076,1909f56bfc062723c751e8b465ee728b)  -> (artifact id: '59f73a025db690db58cf916c5288ad0e') in 0.014779 seconds
Number of updated asset objects reloaded before import = 0
Number of asset objects unloaded after import = 3
========================================================================
Received Import Request.
  Time since last request: 0.000018 seconds.
  path: Assets/pAssets/Sprites/Pellet_Small.png
  artifactKey: Guid(8c3087f14f6c62b4e80b25df0276968e) Importer(815301076,1909f56bfc062723c751e8b465ee728b)
Start importing Assets/pAssets/Sprites/Pellet_Small.png using Guid(8c3087f14f6c62b4e80b25df0276968e) Importer(815301076,1909f56bfc062723c751e8b465ee728b)  -> (artifact id: '53766e3432bcacf0b0f40d5fc76c1e57') in 0.013336 seconds
Number of updated asset objects reloaded before import = 0
Number of asset objects unloaded after import = 3
========================================================================
Received Import Request.
  Time since last request: 0.000023 seconds.
  path: Assets/pAssets/Sprites/Pellet_Medium.png
  artifactKey: Guid(f3ad6a179f966804cad0514a2acbf0b0) Importer(815301076,1909f56bfc062723c751e8b465ee728b)
Start importing Assets/pAssets/Sprites/Pellet_Medium.png using Guid(f3ad6a179f966804cad0514a2acbf0b0) Importer(815301076,1909f56bfc062723c751e8b465ee728b)  -> (artifact id: '354202c22827ccf6558cbfb6dd454899') in 0.013843 seconds
Number of updated asset objects reloaded before import = 0
Number of asset objects unloaded after import = 3
========================================================================
Received Import Request.
  Time since last request: 1.793471 seconds.
  path: Assets/pAssets/Sprites/Wall_05.png
  artifactKey: Guid(c5111370543b9c74bacb41934c46f6c7) Importer(815301076,1909f56bfc062723c751e8b465ee728b)
Start importing Assets/pAssets/Sprites/Wall_05.png using Guid(c5111370543b9c74bacb41934c46f6c7) Importer(815301076,1909f56bfc062723c751e8b465ee728b)  -> (artifact id: '58f86976fcee45263ce84ed7a0329c79') in 0.014130 seconds
Number of updated asset objects reloaded before import = 0
Number of asset objects unloaded after import = 3
========================================================================
Received Import Request.
  Time since last request: 0.000022 seconds.
  path: Assets/pAssets/Sprites/Wall_11.png
  artifactKey: Guid(3fa89c6e256d54f40865316cb10472cc) Importer(815301076,1909f56bfc062723c751e8b465ee728b)
Start importing Assets/pAssets/Sprites/Wall_11.png using Guid(3fa89c6e256d54f40865316cb10472cc) Importer(815301076,1909f56bfc062723c751e8b465ee728b)  -> (artifact id: '5bff7fd5c9a5d78faa6acfff4c6c31c6') in 0.016588 seconds
Number of updated asset objects reloaded before import = 0
Number of asset objects unloaded after import = 3
========================================================================
Received Import Request.
  Time since last request: 0.000031 seconds.
  path: Assets/pAssets/Sprites/Wall_07.png
  artifactKey: Guid(22b85c5a1b35f6344bea572b841882b1) Importer(815301076,1909f56bfc062723c751e8b465ee728b)
Start importing Assets/pAssets/Sprites/Wall_07.png using Guid(22b85c5a1b35f6344bea572b841882b1) Importer(815301076,1909f56bfc062723c751e8b465ee728b)  -> (artifact id: '67848e9d31e55cebc12768332f75c59f') in 0.020251 seconds
Number of updated asset objects reloaded before import = 0
Number of asset objects unloaded after import = 3
========================================================================
Received Import Request.
  Time since last request: 0.000035 seconds.
  path: Assets/pAssets/Sprites/Wall_13.png
  artifactKey: Guid(edd6f6eaca1f9a445b8305efd75e8b2b) Importer(815301076,1909f56bfc062723c751e8b465ee728b)
Start importing Assets/pAssets/Sprites/Wall_13.png using Guid(edd6f6eaca1f9a445b8305efd75e8b2b) Importer(815301076,1909f56bfc062723c751e8b465ee728b)  -> (artifact id: '638c88d3756f8eb583865c45b0a3b54d') in 0.014533 seconds
Number of updated asset objects reloaded before import = 0
Number of asset objects unloaded after import = 3
========================================================================
Received Import Request.
  Time since last request: 38.011383 seconds.
  path: Assets/Tilemap/Wall_33.asset
  artifactKey: Guid(ba1eba0b4377cae48a8c35dc2c5718c5) Importer(2089858483,0ecaa5967403d082aa24f35e1b516d23)
Start importing Assets/Tilemap/Wall_33.asset using Guid(ba1eba0b4377cae48a8c35dc2c5718c5) Importer(2089858483,0ecaa5967403d082aa24f35e1b516d23) Generated GUIDs only implemented for interfaces!
 -> (artifact id: '394416f1dc6f0ad0dad8f0cd410fcf7f') in 0.014410 seconds
Number of updated asset objects reloaded before import = 0
Number of asset objects unloaded after import = 3
========================================================================
Received Import Request.
  Time since last request: 0.000023 seconds.
  path: Assets/Tilemap/Wall_24.asset
  artifactKey: Guid(956aa11b2d597b24083b6283b77deab8) Importer(2089858483,0ecaa5967403d082aa24f35e1b516d23)
Start importing Assets/Tilemap/Wall_24.asset using Guid(956aa11b2d597b24083b6283b77deab8) Importer(2089858483,0ecaa5967403d082aa24f35e1b516d23) Generated GUIDs only implemented for interfaces!
 -> (artifact id: 'f839fbf0dddf41ecea2e7e78949dce84') in 0.014294 seconds
Number of updated asset objects reloaded before import = 0
Number of asset objects unloaded after import = 3
========================================================================
Received Import Request.
  Time since last request: 0.000021 seconds.
  path: Assets/Tilemap/Wall_21.asset
  artifactKey: Guid(35ac8484c645f78418956c24e7273c5b) Importer(2089858483,0ecaa5967403d082aa24f35e1b516d23)
Start importing Assets/Tilemap/Wall_21.asset using Guid(35ac8484c645f78418956c24e7273c5b) Importer(2089858483,0ecaa5967403d082aa24f35e1b516d23) Generated GUIDs only implemented for interfaces!
 -> (artifact id: '01df41ac139eff69a8dfaf3065a9eeb5') in 0.016216 seconds
Number of updated asset objects reloaded before import = 0
Number of asset objects unloaded after import = 3
========================================================================
Received Import Request.
  Time since last request: 0.000026 seconds.
  path: Assets/Tilemap/Wall_34.asset
  artifactKey: Guid(5499f44b0af492b45ad3f847e9963d8a) Importer(2089858483,0ecaa5967403d082aa24f35e1b516d23)
Start importing Assets/Tilemap/Wall_34.asset using Guid(5499f44b0af492b45ad3f847e9963d8a) Importer(2089858483,0ecaa5967403d082aa24f35e1b516d23) Generated GUIDs only implemented for interfaces!
 -> (artifact id: 'a651d198eaad6b3ebb5d34af05c11a86') in 0.013230 seconds
Number of updated asset objects reloaded before import = 0
Number of asset objects unloaded after import = 3
========================================================================
Received Import Request.
  Time since last request: 0.000032 seconds.
  path: Assets/Tilemap/Wall_13.asset
  artifactKey: Guid(fe8d94ae763c58847a91833c4fe0004f) Importer(2089858483,0ecaa5967403d082aa24f35e1b516d23)
Start importing Assets/Tilemap/Wall_13.asset using Guid(fe8d94ae763c58847a91833c4fe0004f) Importer(2089858483,0ecaa5967403d082aa24f35e1b516d23) Generated GUIDs only implemented for interfaces!
 -> (artifact id: '3d3001995edb8d6df2221703bed35fe1') in 0.012110 seconds
Number of updated asset objects reloaded before import = 0
Number of asset objects unloaded after import = 3
========================================================================
Received Import Request.
  Time since last request: 0.000021 seconds.
  path: Assets/Tilemap/Wall_25.asset
  artifactKey: Guid(840c1a503da3a9948a912c2a9b5667ef) Importer(2089858483,0ecaa5967403d082aa24f35e1b516d23)
Start importing Assets/Tilemap/Wall_25.asset using Guid(840c1a503da3a9948a912c2a9b5667ef) Importer(2089858483,0ecaa5967403d082aa24f35e1b516d23) Generated GUIDs only implemented for interfaces!
 -> (artifact id: '489f1f9d388874add4423edb9ec7da97') in 0.014863 seconds
Number of updated asset objects reloaded before import = 0
Number of asset objects unloaded after import = 3
========================================================================
Received Import Request.
  Time since last request: 0.000019 seconds.
  path: Assets/Tilemap/Wall_29.asset
  artifactKey: Guid(fa301c5aa11b44b4da8a6093ee0f6da2) Importer(2089858483,0ecaa5967403d082aa24f35e1b516d23)
Start importing Assets/Tilemap/Wall_29.asset using Guid(fa301c5aa11b44b4da8a6093ee0f6da2) Importer(2089858483,0ecaa5967403d082aa24f35e1b516d23) Generated GUIDs only implemented for interfaces!
 -> (artifact id: '95f7bff4ce07cd4839dc2cc5c37d359c') in 0.014854 seconds
Number of updated asset objects reloaded before import = 0
Number of asset objects unloaded after import = 3
========================================================================
Received Import Request.
  Time since last request: 0.000023 seconds.
  path: Assets/Tilemap/Wall_30.asset
  artifactKey: Guid(73c8815361cd8f24992d0d030c117309) Importer(2089858483,0ecaa5967403d082aa24f35e1b516d23)
Start importing Assets/Tilemap/Wall_30.asset using Guid(73c8815361cd8f24992d0d030c117309) Importer(2089858483,0ecaa5967403d082aa24f35e1b516d23) Generated GUIDs only implemented for interfaces!
 -> (artifact id: 'b1b2e8b687a40e9210a08949e4c99157') in 0.013006 seconds
Number of updated asset objects reloaded before import = 0
Number of asset objects unloaded after import = 3
========================================================================
Received Import Request.
  Time since last request: 0.000022 seconds.
  path: Assets/Tilemap/Wall_07.asset
  artifactKey: Guid(55a9eb9ee2dae964eb30a6b259733dc4) Importer(2089858483,0ecaa5967403d082aa24f35e1b516d23)
Start importing Assets/Tilemap/Wall_07.asset using Guid(55a9eb9ee2dae964eb30a6b259733dc4) Importer(2089858483,0ecaa5967403d082aa24f35e1b516d23) Generated GUIDs only implemented for interfaces!
 -> (artifact id: '5f25da4f21adad25cb838bce0bc736f8') in 0.013591 seconds
Number of updated asset objects reloaded before import = 0
Number of asset objects unloaded after import = 3
========================================================================
Received Import Request.
  Time since last request: 0.000029 seconds.
  path: Assets/Tilemap/Wall_01.asset
  artifactKey: Guid(e0b548c8134c8574c870e54c6eb9de75) Importer(2089858483,0ecaa5967403d082aa24f35e1b516d23)
Start importing Assets/Tilemap/Wall_01.asset using Guid(e0b548c8134c8574c870e54c6eb9de75) Importer(2089858483,0ecaa5967403d082aa24f35e1b516d23) Generated GUIDs only implemented for interfaces!
 -> (artifact id: 'e65ff2ee6fa354b16eff75f1e03c4fda') in 0.012309 seconds
Number of updated asset objects reloaded before import = 0
Number of asset objects unloaded after import = 3
========================================================================
Received Import Request.
  Time since last request: 0.000018 seconds.
  path: Assets/Tilemap/Wall_02.asset
  artifactKey: Guid(a436997bfa306354893524de74d284d9) Importer(2089858483,0ecaa5967403d082aa24f35e1b516d23)
Start importing Assets/Tilemap/Wall_02.asset using Guid(a436997bfa306354893524de74d284d9) Importer(2089858483,0ecaa5967403d082aa24f35e1b516d23) Generated GUIDs only implemented for interfaces!
 -> (artifact id: 'd4a07f70770da362f7ae78dc32e4b15b') in 0.012365 seconds
Number of updated asset objects reloaded before import = 0
Number of asset objects unloaded after import = 3
========================================================================
Received Import Request.
  Time since last request: 0.000020 seconds.
  path: Assets/Tilemap/Wall_27.asset
  artifactKey: Guid(245dda2a143dca946b20095fa8180840) Importer(2089858483,0ecaa5967403d082aa24f35e1b516d23)
Start importing Assets/Tilemap/Wall_27.asset using Guid(245dda2a143dca946b20095fa8180840) Importer(2089858483,0ecaa5967403d082aa24f35e1b516d23) Generated GUIDs only implemented for interfaces!
 -> (artifact id: '7651fea79a9b13dc3db09ab88c4a1f62') in 0.013580 seconds
Number of updated asset objects reloaded before import = 0
Number of asset objects unloaded after import = 3
========================================================================
Received Import Request.
  Time since last request: 0.000024 seconds.
  path: Assets/Tilemap/Wall_31.asset
  artifactKey: Guid(f1080b7b2ba9a5e4699e0a87502f8f07) Importer(2089858483,0ecaa5967403d082aa24f35e1b516d23)
Start importing Assets/Tilemap/Wall_31.asset using Guid(f1080b7b2ba9a5e4699e0a87502f8f07) Importer(2089858483,0ecaa5967403d082aa24f35e1b516d23) Generated GUIDs only implemented for interfaces!
 -> (artifact id: 'd4721b67d0844cf285e3a040d1aba7a3') in 0.013148 seconds
Number of updated asset objects reloaded before import = 0
Number of asset objects unloaded after import = 3
========================================================================
Received Import Request.
  Time since last request: 0.000017 seconds.
  path: Assets/Tilemap/Wall_11.asset
  artifactKey: Guid(53af5c6f767b6a2488c577b7fe22cc68) Importer(2089858483,0ecaa5967403d082aa24f35e1b516d23)
Start importing Assets/Tilemap/Wall_11.asset using Guid(53af5c6f767b6a2488c577b7fe22cc68) Importer(2089858483,0ecaa5967403d082aa24f35e1b516d23) Generated GUIDs only implemented for interfaces!
 -> (artifact id: 'f6200d9b5f598cb2d2dbc3d2e4dd25c9') in 0.013483 seconds
Number of updated asset objects reloaded before import = 0
Number of asset objects unloaded after import = 3
========================================================================
Received Import Request.
  Time since last request: 0.000035 seconds.
  path: Assets/Tilemap/Wall_14.asset
  artifactKey: Guid(87af3e13274e79d488d7fa02cf0a51ea) Importer(2089858483,0ecaa5967403d082aa24f35e1b516d23)
Start importing Assets/Tilemap/Wall_14.asset using Guid(87af3e13274e79d488d7fa02cf0a51ea) Importer(2089858483,0ecaa5967403d082aa24f35e1b516d23) Generated GUIDs only implemented for interfaces!
 -> (artifact id: '5325eab054a91aca0c4ae741440adef6') in 0.012657 seconds
Number of updated asset objects reloaded before import = 0
Number of asset objects unloaded after import = 3
========================================================================
Received Import Request.
  Time since last request: 0.000032 seconds.
  path: Assets/Tilemap/Wall_36.asset
  artifactKey: Guid(1cdb4713b4ebc3d44a36155751c82f4e) Importer(2089858483,0ecaa5967403d082aa24f35e1b516d23)
Start importing Assets/Tilemap/Wall_36.asset using Guid(1cdb4713b4ebc3d44a36155751c82f4e) Importer(2089858483,0ecaa5967403d082aa24f35e1b516d23) Generated GUIDs only implemented for interfaces!
 -> (artifact id: '190426e0eebd3caa5249457561c3a357') in 0.015674 seconds
Number of updated asset objects reloaded before import = 0
Number of asset objects unloaded after import = 3
Editor requested this worker to shutdown with reason: Scaling down because of idle timeout
TcpMessagingSession - receive error: operation aborted. errorcode: 995, details: The I/O operation has been aborted because of either a thread exit or an application request.
AssetImportWorker is now disconnected from the server
Process exiting
Exiting without the bug reporter. Application will terminate with return code 0