Using pre-set license
Built from '2022.3/staging' branch; Version is '2022.3.10f1 (ff3792e53c62) revision 16725906'; Using compiler version '192829333'; Build Type 'Release'
OS: 'Windows 10  (10.0.19045) 64bit Professional' Language: 'tr' Physical Memory: 16335 MB
BatchMode: 1, IsHumanControllingUs: 0, StartBugReporterOnCrash: 0, Is64bit: 1, IsPro: 1

COMMAND LINE ARGUMENTS:
D:\2022.3.10f1\Editor\Unity.exe
-adb2
-batchMode
-noUpm
-name
AssetImportWorker1
-projectPath
D:/Unity Projects/PacManGuncel0
-logFile
Logs/AssetImportWorker1.log
-srvPort
59130
Successfully changed project path to: D:/Unity Projects/PacManGuncel0
D:/Unity Projects/PacManGuncel0
[UnityMemory] Configuration Parameters - Can be set up in boot.config
    "memorysetup-bucket-allocator-granularity=16"
    "memorysetup-bucket-allocator-bucket-count=8"
    "memorysetup-bucket-allocator-block-size=33554432"
    "memorysetup-bucket-allocator-block-count=8"
    "memorysetup-main-allocator-block-size=16777216"
    "memorysetup-thread-allocator-block-size=16777216"
    "memorysetup-gfx-main-allocator-block-size=16777216"
    "memorysetup-gfx-thread-allocator-block-size=16777216"
    "memorysetup-cache-allocator-block-size=4194304"
    "memorysetup-typetree-allocator-block-size=2097152"
    "memorysetup-profiler-bucket-allocator-granularity=16"
    "memorysetup-profiler-bucket-allocator-bucket-count=8"
    "memorysetup-profiler-bucket-allocator-block-size=33554432"
    "memorysetup-profiler-bucket-allocator-block-count=8"
    "memorysetup-profiler-allocator-block-size=16777216"
    "memorysetup-profiler-editor-allocator-block-size=1048576"
    "memorysetup-temp-allocator-size-main=16777216"
    "memorysetup-job-temp-allocator-block-size=2097152"
    "memorysetup-job-temp-allocator-block-size-background=1048576"
    "memorysetup-job-temp-allocator-reduction-small-platforms=262144"
    "memorysetup-allocator-temp-initial-block-size-main=262144"
    "memorysetup-allocator-temp-initial-block-size-worker=262144"
    "memorysetup-temp-allocator-size-background-worker=32768"
    "memorysetup-temp-allocator-size-job-worker=262144"
    "memorysetup-temp-allocator-size-preload-manager=33554432"
    "memorysetup-temp-allocator-size-nav-mesh-worker=65536"
    "memorysetup-temp-allocator-size-audio-worker=65536"
    "memorysetup-temp-allocator-size-cloud-worker=32768"
    "memorysetup-temp-allocator-size-gi-baking-worker=262144"
    "memorysetup-temp-allocator-size-gfx=262144"
Player connection [19104] Host "[IP] 192.168.1.20 [Port] 0 [Flags] 2 [Guid] 286273747 [EditorId] 286273747 [Version] 1048832 [Id] WindowsEditor(7,DESKTOP-VV7G2B6) [Debug] 1 [PackageName] WindowsEditor [ProjectName] Editor" joined multi-casting on [225.0.0.222:54997]...

Player connection [19104] Host "[IP] 192.168.1.20 [Port] 0 [Flags] 2 [Guid] 286273747 [EditorId] 286273747 [Version] 1048832 [Id] WindowsEditor(7,DESKTOP-VV7G2B6) [Debug] 1 [PackageName] WindowsEditor [ProjectName] Editor" joined alternative multi-casting on [225.0.0.222:34997]...

[Physics::Module] Initialized MultithreadedJobDispatcher with 11 workers.
Refreshing native plugins compatible for Editor in 16.07 ms, found 4 plugins.
Preloading 0 native plugins for Editor in 0.00 ms.
Initialize engine version: 2022.3.10f1 (ff3792e53c62)
[Subsystems] Discovering subsystems at path D:/2022.3.10f1/Editor/Data/Resources/UnitySubsystems
[Subsystems] Discovering subsystems at path D:/Unity Projects/PacManGuncel0/Assets
GfxDevice: creating device client; threaded=0; jobified=0
Direct3D:
    Version:  Direct3D 11.0 [level 11.1]
    Renderer: Radeon RX 570 Series (ID=0x67df)
    Vendor:   ATI
    VRAM:     4074 MB
    Driver:   31.0.14051.5006
Shader Hidden/ProbeVolume/VoxelizeScene is not supported: GPU does not support conservative rasterization
Initialize mono
Mono path[0] = 'D:/2022.3.10f1/Editor/Data/Managed'
Mono path[1] = 'D:/2022.3.10f1/Editor/Data/MonoBleedingEdge/lib/mono/unityjit-win32'
Mono config path = 'D:/2022.3.10f1/Editor/Data/MonoBleedingEdge/etc'
Using monoOptions --debugger-agent=transport=dt_socket,embedding=1,server=y,suspend=n,address=127.0.0.1:56260
Begin MonoManager ReloadAssembly
Registering precompiled unity dll's ...
Register platform support module: D:/2022.3.10f1/Editor/Data/PlaybackEngines/WindowsStandaloneSupport/UnityEditor.WindowsStandalone.Extensions.dll
Registered in 0.004806 seconds.
- Loaded All Assemblies, in  0.474 seconds
Native extension for WindowsStandalone target not found
Mono: successfully reloaded assembly
- Finished resetting the current domain, in  0.313 seconds
Domain Reload Profiling: 787ms
	BeginReloadAssembly (162ms)
		ExecutionOrderSort (0ms)
		DisableScriptedObjects (0ms)
		BackupInstance (0ms)
		ReleaseScriptingObjects (0ms)
		CreateAndSetChildDomain (1ms)
	RebuildCommonClasses (51ms)
	RebuildNativeTypeToScriptingClass (16ms)
	initialDomainReloadingComplete (62ms)
	LoadAllAssembliesAndSetupDomain (181ms)
		LoadAssemblies (162ms)
		RebuildTransferFunctionScriptingTraits (0ms)
		AnalyzeDomain (179ms)
			TypeCache.Refresh (177ms)
				TypeCache.ScanAssembly (161ms)
			ScanForSourceGeneratedMonoScriptInfo (0ms)
			ResolveRequiredComponents (1ms)
	FinalizeReload (314ms)
		ReleaseScriptCaches (0ms)
		RebuildScriptCaches (0ms)
		SetupLoadedEditorAssemblies (240ms)
			LogAssemblyErrors (0ms)
			InitializePlatformSupportModulesInManaged (9ms)
			SetLoadedEditorAssemblies (9ms)
			RefreshPlugins (0ms)
			BeforeProcessingInitializeOnLoad (3ms)
			ProcessInitializeOnLoadAttributes (162ms)
			ProcessInitializeOnLoadMethodAttributes (57ms)
			AfterProcessingInitializeOnLoad (0ms)
			EditorAssembliesLoaded (0ms)
		ExecutionOrderSort2 (0ms)
		AwakeInstancesAfterBackupRestoration (0ms)
========================================================================
Worker process is ready to serve import requests
Begin MonoManager ReloadAssembly
- Loaded All Assemblies, in  0.861 seconds
Refreshing native plugins compatible for Editor in 6.12 ms, found 4 plugins.
Native extension for WindowsStandalone target not found
Package Manager log level set to [2]
[Package Manager] Server::EnsureServerProcessIsRunning -- launch failed, reason: Unity was launched with the -noUpm command-line argument
[Package Manager] UpmClient::Send -- Unable to send message (not connected to UPM process).
[Package Manager] Cannot connect to Unity Package Manager local server
Mono: successfully reloaded assembly
- Finished resetting the current domain, in  0.910 seconds
Domain Reload Profiling: 1771ms
	BeginReloadAssembly (199ms)
		ExecutionOrderSort (0ms)
		DisableScriptedObjects (7ms)
		BackupInstance (0ms)
		ReleaseScriptingObjects (0ms)
		CreateAndSetChildDomain (24ms)
	RebuildCommonClasses (46ms)
	RebuildNativeTypeToScriptingClass (13ms)
	initialDomainReloadingComplete (46ms)
	LoadAllAssembliesAndSetupDomain (557ms)
		LoadAssemblies (408ms)
		RebuildTransferFunctionScriptingTraits (0ms)
		AnalyzeDomain (275ms)
			TypeCache.Refresh (222ms)
				TypeCache.ScanAssembly (203ms)
			ScanForSourceGeneratedMonoScriptInfo (36ms)
			ResolveRequiredComponents (15ms)
	FinalizeReload (911ms)
		ReleaseScriptCaches (0ms)
		RebuildScriptCaches (0ms)
		SetupLoadedEditorAssemblies (672ms)
			LogAssemblyErrors (0ms)
			InitializePlatformSupportModulesInManaged (6ms)
			SetLoadedEditorAssemblies (6ms)
			RefreshPlugins (0ms)
			BeforeProcessingInitializeOnLoad (121ms)
			ProcessInitializeOnLoadAttributes (430ms)
			ProcessInitializeOnLoadMethodAttributes (104ms)
			AfterProcessingInitializeOnLoad (3ms)
			EditorAssembliesLoaded (0ms)
		ExecutionOrderSort2 (0ms)
		AwakeInstancesAfterBackupRestoration (8ms)
Shader Hidden/ProbeVolume/VoxelizeScene is not supported: GPU does not support conservative rasterization
Launched and connected shader compiler UnityShaderCompiler.exe after 0.05 seconds
Refreshing native plugins compatible for Editor in 5.61 ms, found 4 plugins.
Preloading 0 native plugins for Editor in 0.00 ms.
Unloading 5695 Unused Serialized files (Serialized files now loaded: 0)
Unloading 84 unused Assets / (351.4 KB). Loaded Objects now: 6155.
Memory consumption went from 217.1 MB to 216.7 MB.
Total: 5.206700 ms (FindLiveObjects: 0.508200 ms CreateObjectMapping: 0.240800 ms MarkObjects: 4.210800 ms  DeleteObjects: 0.245400 ms)

AssetImportParameters requested are different than current active one (requested -> active):
  custom:container-demuxer-ogg: 62fdf1f143b41e24485cea50d1cbac27 -> 
  custom:video-decoder-ogg-theora: a1e56fd34408186e4bbccfd4996cb3dc -> 
  custom:framework-win-MediaFoundation: 216162199b28c13a410421893ffa2e32 -> 
  custom:container-demuxer-webm: 4f35f7cbe854078d1ac9338744f61a02 -> 
  custom:container-muxer-webm: aa71ff27fc2769a1b78a27578f13a17b -> 
  custom:video-decoder-webm-vp8: 9c59270c3fd7afecdb556c50c9e8de78 -> 
  custom:AudioImporter_EditorPlatform: d09bf68614088b80899f8185d706f6e7 -> 
  custom:video-encoder-webm-vp8: eb34c28f22e8b96e1ab97ce403110664 -> 
  custom:audio-decoder-ogg-vorbis: bf7c407c2cedff20999df2af8eb42d56 -> 
  custom:audio-encoder-webm-vorbis: bf7c407c2cedff20999df2af8eb42d56 -> 
========================================================================
Received Prepare
Shader Hidden/ProbeVolume/VoxelizeScene is not supported: GPU does not support conservative rasterization
Refreshing native plugins compatible for Editor in 5.07 ms, found 4 plugins.
Preloading 0 native plugins for Editor in 0.00 ms.
Unloading 2 Unused Serialized files (Serialized files now loaded: 0)
Unloading 2 unused Assets / (290.6 KB). Loaded Objects now: 6155.
Memory consumption went from 102.7 MB to 102.4 MB.
Total: 4.160900 ms (FindLiveObjects: 0.493000 ms CreateObjectMapping: 0.168000 ms MarkObjects: 3.424400 ms  DeleteObjects: 0.074600 ms)

Prepare: number of updated asset objects reloaded= 0
AssetImportParameters requested are different than current active one (requested -> active):
  custom:container-demuxer-ogg: 62fdf1f143b41e24485cea50d1cbac27 -> 
  custom:video-decoder-ogg-theora: a1e56fd34408186e4bbccfd4996cb3dc -> 
  custom:framework-win-MediaFoundation: 216162199b28c13a410421893ffa2e32 -> 
  custom:container-demuxer-webm: 4f35f7cbe854078d1ac9338744f61a02 -> 
  custom:container-muxer-webm: aa71ff27fc2769a1b78a27578f13a17b -> 
  custom:video-decoder-webm-vp8: 9c59270c3fd7afecdb556c50c9e8de78 -> 
  custom:SearchIndexIgnoredProperties: e643bd26f0fe6173181afceb89e7c659 -> 
  custom:AudioImporter_EditorPlatform: d09bf68614088b80899f8185d706f6e7 -> 
  custom:video-encoder-webm-vp8: eb34c28f22e8b96e1ab97ce403110664 -> 
  custom:audio-decoder-ogg-vorbis: bf7c407c2cedff20999df2af8eb42d56 -> 
  custom:audio-encoder-webm-vorbis: bf7c407c2cedff20999df2af8eb42d56 -> 
========================================================================
Received Prepare
Shader Hidden/ProbeVolume/VoxelizeScene is not supported: GPU does not support conservative rasterization
Refreshing native plugins compatible for Editor in 5.41 ms, found 4 plugins.
Preloading 0 native plugins for Editor in 0.00 ms.
Unloading 2 Unused Serialized files (Serialized files now loaded: 0)
Unloading 2 unused Assets / (290.6 KB). Loaded Objects now: 6155.
Memory consumption went from 101.8 MB to 101.5 MB.
Total: 4.012600 ms (FindLiveObjects: 0.487700 ms CreateObjectMapping: 0.162500 ms MarkObjects: 3.298600 ms  DeleteObjects: 0.063100 ms)

Prepare: number of updated asset objects reloaded= 0
AssetImportParameters requested are different than current active one (requested -> active):
  custom:container-demuxer-ogg: 62fdf1f143b41e24485cea50d1cbac27 -> 
  custom:video-decoder-ogg-theora: a1e56fd34408186e4bbccfd4996cb3dc -> 
  custom:framework-win-MediaFoundation: 216162199b28c13a410421893ffa2e32 -> 
  custom:CustomObjectIndexerAttribute: a3ef5dd2817f97addfee359851a9dba5 -> 
  custom:container-demuxer-webm: 4f35f7cbe854078d1ac9338744f61a02 -> 
  custom:container-muxer-webm: aa71ff27fc2769a1b78a27578f13a17b -> 
  custom:video-decoder-webm-vp8: 9c59270c3fd7afecdb556c50c9e8de78 -> 
  custom:SearchIndexIgnoredProperties: e643bd26f0fe6173181afceb89e7c659 -> 
  custom:AudioImporter_EditorPlatform: d09bf68614088b80899f8185d706f6e7 -> 
  custom:video-encoder-webm-vp8: eb34c28f22e8b96e1ab97ce403110664 -> 
  custom:audio-decoder-ogg-vorbis: bf7c407c2cedff20999df2af8eb42d56 -> 
  custom:audio-encoder-webm-vorbis: bf7c407c2cedff20999df2af8eb42d56 -> 
========================================================================
Received Prepare
Begin MonoManager ReloadAssembly
- Loaded All Assemblies, in  0.578 seconds
Refreshing native plugins compatible for Editor in 6.23 ms, found 4 plugins.
Native extension for WindowsStandalone target not found
[Package Manager] Server::EnsureServerProcessIsRunning -- launch failed, reason: Unity was launched with the -noUpm command-line argument
[Package Manager] UpmClient::Send -- Unable to send message (not connected to UPM process).
[Package Manager] Cannot connect to Unity Package Manager local server
Mono: successfully reloaded assembly
- Finished resetting the current domain, in  1.821 seconds
Domain Reload Profiling: 2399ms
	BeginReloadAssembly (213ms)
		ExecutionOrderSort (0ms)
		DisableScriptedObjects (14ms)
		BackupInstance (0ms)
		ReleaseScriptingObjects (0ms)
		CreateAndSetChildDomain (43ms)
	RebuildCommonClasses (41ms)
	RebuildNativeTypeToScriptingClass (14ms)
	initialDomainReloadingComplete (33ms)
	LoadAllAssembliesAndSetupDomain (275ms)
		LoadAssemblies (377ms)
		RebuildTransferFunctionScriptingTraits (0ms)
		AnalyzeDomain (22ms)
			TypeCache.Refresh (6ms)
				TypeCache.ScanAssembly (0ms)
			ScanForSourceGeneratedMonoScriptInfo (0ms)
			ResolveRequiredComponents (15ms)
	FinalizeReload (1822ms)
		ReleaseScriptCaches (0ms)
		RebuildScriptCaches (0ms)
		SetupLoadedEditorAssemblies (687ms)
			LogAssemblyErrors (0ms)
			InitializePlatformSupportModulesInManaged (8ms)
			SetLoadedEditorAssemblies (7ms)
			RefreshPlugins (0ms)
			BeforeProcessingInitializeOnLoad (123ms)
			ProcessInitializeOnLoadAttributes (441ms)
			ProcessInitializeOnLoadMethodAttributes (104ms)
			AfterProcessingInitializeOnLoad (4ms)
			EditorAssembliesLoaded (0ms)
		ExecutionOrderSort2 (0ms)
		AwakeInstancesAfterBackupRestoration (20ms)
Shader Hidden/ProbeVolume/VoxelizeScene is not supported: GPU does not support conservative rasterization
Refreshing native plugins compatible for Editor in 6.53 ms, found 4 plugins.
Preloading 0 native plugins for Editor in 0.00 ms.
Unloading 5529 Unused Serialized files (Serialized files now loaded: 0)
Unloading 47 unused Assets / (320.2 KB). Loaded Objects now: 6161.
Memory consumption went from 187.4 MB to 187.1 MB.
Total: 20.738700 ms (FindLiveObjects: 1.520800 ms CreateObjectMapping: 2.219000 ms MarkObjects: 16.610700 ms  DeleteObjects: 0.386200 ms)

Prepare: number of updated asset objects reloaded= 0
AssetImportParameters requested are different than current active one (requested -> active):
  custom:container-demuxer-ogg: 62fdf1f143b41e24485cea50d1cbac27 -> 
  custom:video-decoder-ogg-theora: a1e56fd34408186e4bbccfd4996cb3dc -> 
  custom:framework-win-MediaFoundation: 216162199b28c13a410421893ffa2e32 -> 
  custom:CustomObjectIndexerAttribute: a3ef5dd2817f97addfee359851a9dba5 -> 
  custom:container-demuxer-webm: 4f35f7cbe854078d1ac9338744f61a02 -> 
  custom:container-muxer-webm: aa71ff27fc2769a1b78a27578f13a17b -> 
  custom:video-decoder-webm-vp8: 9c59270c3fd7afecdb556c50c9e8de78 -> 
  custom:SearchIndexIgnoredProperties: e643bd26f0fe6173181afceb89e7c659 -> 
  custom:AudioImporter_EditorPlatform: d09bf68614088b80899f8185d706f6e7 -> 
  custom:video-encoder-webm-vp8: eb34c28f22e8b96e1ab97ce403110664 -> 
  custom:audio-decoder-ogg-vorbis: bf7c407c2cedff20999df2af8eb42d56 -> 
  custom:audio-encoder-webm-vorbis: bf7c407c2cedff20999df2af8eb42d56 -> 
========================================================================
Received Import Request.
  Time since last request: 31693.974756 seconds.
  path: Assets/Prefabs/Door.prefab
  artifactKey: Guid(fcdb0aa15ec073849964e027d034077b) Importer(815301076,1909f56bfc062723c751e8b465ee728b)
Start importing Assets/Prefabs/Door.prefab using Guid(fcdb0aa15ec073849964e027d034077b) Importer(815301076,1909f56bfc062723c751e8b465ee728b)  -> (artifact id: '8a96d8cc7fb613a84e476032832abfa3') in 0.076776 seconds
Number of updated asset objects reloaded before import = 0
Number of asset objects unloaded after import = 4
========================================================================
Received Import Request.
  Time since last request: 0.000021 seconds.
  path: Assets/Prefabs/Key.prefab
  artifactKey: Guid(716fb8d231afe32469462e873a667cc4) Importer(815301076,1909f56bfc062723c751e8b465ee728b)
Start importing Assets/Prefabs/Key.prefab using Guid(716fb8d231afe32469462e873a667cc4) Importer(815301076,1909f56bfc062723c751e8b465ee728b)  -> (artifact id: '81838a379939d84b3ecdd80fa1df78a8') in 0.322731 seconds
Number of updated asset objects reloaded before import = 0
Number of asset objects unloaded after import = 28
========================================================================
Received Import Request.
  Time since last request: 0.000032 seconds.
  path: Assets/Prefabs/Node.prefab
  artifactKey: Guid(81bd8731f4ca94e479273b7e47dafadb) Importer(815301076,1909f56bfc062723c751e8b465ee728b)
Start importing Assets/Prefabs/Node.prefab using Guid(81bd8731f4ca94e479273b7e47dafadb) Importer(815301076,1909f56bfc062723c751e8b465ee728b)  -> (artifact id: '9a8d92e8ac142ea38131283f221e6d3b') in 0.002082 seconds
Number of updated asset objects reloaded before import = 0
Number of asset objects unloaded after import = 5
========================================================================
Received Prepare
Begin MonoManager ReloadAssembly
- Loaded All Assemblies, in  0.678 seconds
Refreshing native plugins compatible for Editor in 5.67 ms, found 4 plugins.
Native extension for WindowsStandalone target not found
[Package Manager] Server::EnsureServerProcessIsRunning -- launch failed, reason: Unity was launched with the -noUpm command-line argument
[Package Manager] UpmClient::Send -- Unable to send message (not connected to UPM process).
[Package Manager] Cannot connect to Unity Package Manager local server
Mono: successfully reloaded assembly
- Finished resetting the current domain, in  1.561 seconds
Domain Reload Profiling: 2238ms
	BeginReloadAssembly (288ms)
		ExecutionOrderSort (0ms)
		DisableScriptedObjects (18ms)
		BackupInstance (0ms)
		ReleaseScriptingObjects (0ms)
		CreateAndSetChildDomain (49ms)
	RebuildCommonClasses (41ms)
	RebuildNativeTypeToScriptingClass (14ms)
	initialDomainReloadingComplete (31ms)
	LoadAllAssembliesAndSetupDomain (301ms)
		LoadAssemblies (370ms)
		RebuildTransferFunctionScriptingTraits (0ms)
		AnalyzeDomain (55ms)
			TypeCache.Refresh (14ms)
				TypeCache.ScanAssembly (1ms)
			ScanForSourceGeneratedMonoScriptInfo (26ms)
			ResolveRequiredComponents (14ms)
	FinalizeReload (1562ms)
		ReleaseScriptCaches (0ms)
		RebuildScriptCaches (0ms)
		SetupLoadedEditorAssemblies (544ms)
			LogAssemblyErrors (0ms)
			InitializePlatformSupportModulesInManaged (5ms)
			SetLoadedEditorAssemblies (6ms)
			RefreshPlugins (0ms)
			BeforeProcessingInitializeOnLoad (91ms)
			ProcessInitializeOnLoadAttributes (348ms)
			ProcessInitializeOnLoadMethodAttributes (90ms)
			AfterProcessingInitializeOnLoad (4ms)
			EditorAssembliesLoaded (0ms)
		ExecutionOrderSort2 (0ms)
		AwakeInstancesAfterBackupRestoration (20ms)
Shader Hidden/ProbeVolume/VoxelizeScene is not supported: GPU does not support conservative rasterization
Refreshing native plugins compatible for Editor in 5.29 ms, found 4 plugins.
Preloading 0 native plugins for Editor in 0.00 ms.
Unloading 5535 Unused Serialized files (Serialized files now loaded: 0)
Unloading 47 unused Assets / (320.4 KB). Loaded Objects now: 6219.
Memory consumption went from 192.2 MB to 191.9 MB.
Total: 4.372200 ms (FindLiveObjects: 0.477600 ms CreateObjectMapping: 0.151600 ms MarkObjects: 3.625600 ms  DeleteObjects: 0.116200 ms)

Prepare: number of updated asset objects reloaded= 0
AssetImportParameters requested are different than current active one (requested -> active):
  custom:container-demuxer-ogg: 62fdf1f143b41e24485cea50d1cbac27 -> 
  custom:video-decoder-ogg-theora: a1e56fd34408186e4bbccfd4996cb3dc -> 
  custom:framework-win-MediaFoundation: 216162199b28c13a410421893ffa2e32 -> 
  custom:CustomObjectIndexerAttribute: a3ef5dd2817f97addfee359851a9dba5 -> 
  custom:container-demuxer-webm: 4f35f7cbe854078d1ac9338744f61a02 -> 
  custom:container-muxer-webm: aa71ff27fc2769a1b78a27578f13a17b -> 
  custom:video-decoder-webm-vp8: 9c59270c3fd7afecdb556c50c9e8de78 -> 
  custom:SearchIndexIgnoredProperties: e643bd26f0fe6173181afceb89e7c659 -> 
  custom:AudioImporter_EditorPlatform: d09bf68614088b80899f8185d706f6e7 -> 
  custom:video-encoder-webm-vp8: eb34c28f22e8b96e1ab97ce403110664 -> 
  custom:audio-decoder-ogg-vorbis: bf7c407c2cedff20999df2af8eb42d56 -> 
  custom:audio-encoder-webm-vorbis: bf7c407c2cedff20999df2af8eb42d56 -> 
========================================================================
Received Prepare
Begin MonoManager ReloadAssembly
- Loaded All Assemblies, in  0.576 seconds
Refreshing native plugins compatible for Editor in 5.67 ms, found 4 plugins.
Native extension for WindowsStandalone target not found
[Package Manager] Server::EnsureServerProcessIsRunning -- launch failed, reason: Unity was launched with the -noUpm command-line argument
[Package Manager] UpmClient::Send -- Unable to send message (not connected to UPM process).
[Package Manager] Cannot connect to Unity Package Manager local server
Mono: successfully reloaded assembly
- Finished resetting the current domain, in  1.694 seconds
Domain Reload Profiling: 2268ms
	BeginReloadAssembly (217ms)
		ExecutionOrderSort (0ms)
		DisableScriptedObjects (13ms)
		BackupInstance (0ms)
		ReleaseScriptingObjects (0ms)
		CreateAndSetChildDomain (41ms)
	RebuildCommonClasses (42ms)
	RebuildNativeTypeToScriptingClass (15ms)
	initialDomainReloadingComplete (32ms)
	LoadAllAssembliesAndSetupDomain (268ms)
		LoadAssemblies (370ms)
		RebuildTransferFunctionScriptingTraits (0ms)
		AnalyzeDomain (22ms)
			TypeCache.Refresh (6ms)
				TypeCache.ScanAssembly (0ms)
			ScanForSourceGeneratedMonoScriptInfo (0ms)
			ResolveRequiredComponents (15ms)
	FinalizeReload (1694ms)
		ReleaseScriptCaches (0ms)
		RebuildScriptCaches (0ms)
		SetupLoadedEditorAssemblies (623ms)
			LogAssemblyErrors (0ms)
			InitializePlatformSupportModulesInManaged (7ms)
			SetLoadedEditorAssemblies (8ms)
			RefreshPlugins (0ms)
			BeforeProcessingInitializeOnLoad (115ms)
			ProcessInitializeOnLoadAttributes (395ms)
			ProcessInitializeOnLoadMethodAttributes (94ms)
			AfterProcessingInitializeOnLoad (4ms)
			EditorAssembliesLoaded (0ms)
		ExecutionOrderSort2 (0ms)
		AwakeInstancesAfterBackupRestoration (20ms)
Shader Hidden/ProbeVolume/VoxelizeScene is not supported: GPU does not support conservative rasterization
Refreshing native plugins compatible for Editor in 5.78 ms, found 4 plugins.
Preloading 0 native plugins for Editor in 0.00 ms.
Unloading 5535 Unused Serialized files (Serialized files now loaded: 0)
Unloading 47 unused Assets / (320.3 KB). Loaded Objects now: 6224.
Memory consumption went from 192.1 MB to 191.8 MB.
Total: 4.435800 ms (FindLiveObjects: 0.520200 ms CreateObjectMapping: 0.161200 ms MarkObjects: 3.615900 ms  DeleteObjects: 0.137100 ms)

Prepare: number of updated asset objects reloaded= 0
AssetImportParameters requested are different than current active one (requested -> active):
  custom:container-demuxer-ogg: 62fdf1f143b41e24485cea50d1cbac27 -> 
  custom:video-decoder-ogg-theora: a1e56fd34408186e4bbccfd4996cb3dc -> 
  custom:framework-win-MediaFoundation: 216162199b28c13a410421893ffa2e32 -> 
  custom:CustomObjectIndexerAttribute: a3ef5dd2817f97addfee359851a9dba5 -> 
  custom:container-demuxer-webm: 4f35f7cbe854078d1ac9338744f61a02 -> 
  custom:container-muxer-webm: aa71ff27fc2769a1b78a27578f13a17b -> 
  custom:video-decoder-webm-vp8: 9c59270c3fd7afecdb556c50c9e8de78 -> 
  custom:SearchIndexIgnoredProperties: e643bd26f0fe6173181afceb89e7c659 -> 
  custom:AudioImporter_EditorPlatform: d09bf68614088b80899f8185d706f6e7 -> 
  custom:video-encoder-webm-vp8: eb34c28f22e8b96e1ab97ce403110664 -> 
  custom:audio-decoder-ogg-vorbis: bf7c407c2cedff20999df2af8eb42d56 -> 
  custom:audio-encoder-webm-vorbis: bf7c407c2cedff20999df2af8eb42d56 -> 
========================================================================
Received Import Request.
  Time since last request: 213.778202 seconds.
  path: Assets/pAssets/ClassicPack/pacman-down/1.png
  artifactKey: Guid(90e76587092bcf5488295deb606c07be) Importer(815301076,1909f56bfc062723c751e8b465ee728b)
Start importing Assets/pAssets/ClassicPack/pacman-down/1.png using Guid(90e76587092bcf5488295deb606c07be) Importer(815301076,1909f56bfc062723c751e8b465ee728b)  -> (artifact id: '2bff1d902da32e5fa305fd98efb2ea42') in 0.104333 seconds
Number of updated asset objects reloaded before import = 0
Number of asset objects unloaded after import = 3
========================================================================
Received Import Request.
  Time since last request: 0.000020 seconds.
  path: Assets/pAssets/Sprites/Pacman_02.png
  artifactKey: Guid(1f9604f5749fde646a59a72c9ee1cd3a) Importer(815301076,1909f56bfc062723c751e8b465ee728b)
Start importing Assets/pAssets/Sprites/Pacman_02.png using Guid(1f9604f5749fde646a59a72c9ee1cd3a) Importer(815301076,1909f56bfc062723c751e8b465ee728b)  -> (artifact id: 'f59ca009ff1f84f57c976ffa0f5a7175') in 0.023618 seconds
Number of updated asset objects reloaded before import = 0
Number of asset objects unloaded after import = 3
========================================================================
Received Import Request.
  Time since last request: 0.000031 seconds.
  path: Assets/pAssets/DifferentStylePack/orangeGhost.png
  artifactKey: Guid(44779bc7f8b581546ac00ecd82594ec5) Importer(815301076,1909f56bfc062723c751e8b465ee728b)
Start importing Assets/pAssets/DifferentStylePack/orangeGhost.png using Guid(44779bc7f8b581546ac00ecd82594ec5) Importer(815301076,1909f56bfc062723c751e8b465ee728b)  -> (artifact id: 'e9c41f3e1dd629821404401b93732161') in 0.021118 seconds
Number of updated asset objects reloaded before import = 0
Number of asset objects unloaded after import = 3
========================================================================
Received Import Request.
  Time since last request: 0.000018 seconds.
  path: Assets/pAssets/Sprites/Fruit_Melon.png
  artifactKey: Guid(76efc71326ce0624b86ebac20e4ad950) Importer(815301076,1909f56bfc062723c751e8b465ee728b)
Start importing Assets/pAssets/Sprites/Fruit_Melon.png using Guid(76efc71326ce0624b86ebac20e4ad950) Importer(815301076,1909f56bfc062723c751e8b465ee728b)  -> (artifact id: '97bc3da0cf27cc429c4dc62dd8088285') in 0.022568 seconds
Number of updated asset objects reloaded before import = 0
Number of asset objects unloaded after import = 3
========================================================================
Received Import Request.
  Time since last request: 0.000018 seconds.
  path: Assets/pAssets/DifferentStylePack/BigCoin.png
  artifactKey: Guid(54b3b78e1d48c944480bdf1480838d40) Importer(815301076,1909f56bfc062723c751e8b465ee728b)
Start importing Assets/pAssets/DifferentStylePack/BigCoin.png using Guid(54b3b78e1d48c944480bdf1480838d40) Importer(815301076,1909f56bfc062723c751e8b465ee728b)  -> (artifact id: '958491f00e77447a946acda405b313bc') in 0.019374 seconds
Number of updated asset objects reloaded before import = 0
Number of asset objects unloaded after import = 3
========================================================================
Received Import Request.
  Time since last request: 0.000020 seconds.
  path: Assets/pAssets/Sprites/Fruit_Strawberry.png
  artifactKey: Guid(7f92fd0a6259c0748a3798477124414b) Importer(815301076,1909f56bfc062723c751e8b465ee728b)
Start importing Assets/pAssets/Sprites/Fruit_Strawberry.png using Guid(7f92fd0a6259c0748a3798477124414b) Importer(815301076,1909f56bfc062723c751e8b465ee728b)  -> (artifact id: '3907c7e1294be6224d3894b168395d8b') in 0.024504 seconds
Number of updated asset objects reloaded before import = 0
Number of asset objects unloaded after import = 3
========================================================================
Received Import Request.
  Time since last request: 0.000021 seconds.
  path: Assets/pAssets/DifferentStylePack/greenGhost.png
  artifactKey: Guid(a81846f758188824c98f4bf4a96656bd) Importer(815301076,1909f56bfc062723c751e8b465ee728b)
Start importing Assets/pAssets/DifferentStylePack/greenGhost.png using Guid(a81846f758188824c98f4bf4a96656bd) Importer(815301076,1909f56bfc062723c751e8b465ee728b)  -> (artifact id: 'dea88fbdbd52acd4cce5257f7e115954') in 0.020660 seconds
Number of updated asset objects reloaded before import = 0
Number of asset objects unloaded after import = 3
========================================================================
Received Import Request.
  Time since last request: 0.000017 seconds.
  path: Assets/pAssets/ClassicPack/pacman-up/2.png
  artifactKey: Guid(60dbd42931d205944b5e89a345743d69) Importer(815301076,1909f56bfc062723c751e8b465ee728b)
Start importing Assets/pAssets/ClassicPack/pacman-up/2.png using Guid(60dbd42931d205944b5e89a345743d69) Importer(815301076,1909f56bfc062723c751e8b465ee728b)  -> (artifact id: '85b323fd002bf9b38df20c14af662127') in 0.019857 seconds
Number of updated asset objects reloaded before import = 0
Number of asset objects unloaded after import = 3
========================================================================
Received Import Request.
  Time since last request: 0.000018 seconds.
  path: Assets/pAssets/Sprites/Pacman_01.png
  artifactKey: Guid(e3b83262a412c74408dba5cbe89f43f5) Importer(815301076,1909f56bfc062723c751e8b465ee728b)
Start importing Assets/pAssets/Sprites/Pacman_01.png using Guid(e3b83262a412c74408dba5cbe89f43f5) Importer(815301076,1909f56bfc062723c751e8b465ee728b)  -> (artifact id: 'c792708a8650adc7f4f35532087d3caf') in 0.021878 seconds
Number of updated asset objects reloaded before import = 0
Number of asset objects unloaded after import = 3
========================================================================
Received Import Request.
  Time since last request: 0.000027 seconds.
  path: Assets/pAssets/Sprites/Ghost_Vulnerable_Blue_02.png
  artifactKey: Guid(d5e15c75b88558b469ecc97990cce215) Importer(815301076,1909f56bfc062723c751e8b465ee728b)
Start importing Assets/pAssets/Sprites/Ghost_Vulnerable_Blue_02.png using Guid(d5e15c75b88558b469ecc97990cce215) Importer(815301076,1909f56bfc062723c751e8b465ee728b)  -> (artifact id: '3645b29ad3dda68e6e5ea3f4bb33fdd0') in 0.020617 seconds
Number of updated asset objects reloaded before import = 0
Number of asset objects unloaded after import = 3
========================================================================
Received Import Request.
  Time since last request: 0.000036 seconds.
  path: Assets/pAssets/Sprites/Node.png
  artifactKey: Guid(73ec44e4741057941bfbfd484bd0ff60) Importer(815301076,1909f56bfc062723c751e8b465ee728b)
Start importing Assets/pAssets/Sprites/Node.png using Guid(73ec44e4741057941bfbfd484bd0ff60) Importer(815301076,1909f56bfc062723c751e8b465ee728b)  -> (artifact id: 'bfe45d3579e2f9ce12942955595c8fc0') in 0.021824 seconds
Number of updated asset objects reloaded before import = 0
Number of asset objects unloaded after import = 3
========================================================================
Received Import Request.
  Time since last request: 0.000019 seconds.
  path: Assets/pAssets/DifferentStylePack/CoinTransparent.png
  artifactKey: Guid(2df01e147b7519c4ca73476886a2378a) Importer(815301076,1909f56bfc062723c751e8b465ee728b)
Start importing Assets/pAssets/DifferentStylePack/CoinTransparent.png using Guid(2df01e147b7519c4ca73476886a2378a) Importer(815301076,1909f56bfc062723c751e8b465ee728b)  -> (artifact id: '7e4d8d9e32dede447fb2e9c86817af8e') in 0.020172 seconds
Number of updated asset objects reloaded before import = 0
Number of asset objects unloaded after import = 3
========================================================================
Received Import Request.
  Time since last request: 0.000014 seconds.
  path: Assets/pAssets/ClassicPack/pacman-left/1.png
  artifactKey: Guid(8115109f58e8bdf4db0eaf2e0aafbc2b) Importer(815301076,1909f56bfc062723c751e8b465ee728b)
Start importing Assets/pAssets/ClassicPack/pacman-left/1.png using Guid(8115109f58e8bdf4db0eaf2e0aafbc2b) Importer(815301076,1909f56bfc062723c751e8b465ee728b)  -> (artifact id: '96ac8cbdca38731be41a8262a1c554d5') in 0.020717 seconds
Number of updated asset objects reloaded before import = 0
Number of asset objects unloaded after import = 3
========================================================================
Received Import Request.
  Time since last request: 0.000018 seconds.
  path: Assets/pAssets/Sprites/Fruit_Orange.png
  artifactKey: Guid(1f934a213c2899840a159f72b7f44e57) Importer(815301076,1909f56bfc062723c751e8b465ee728b)
Start importing Assets/pAssets/Sprites/Fruit_Orange.png using Guid(1f934a213c2899840a159f72b7f44e57) Importer(815301076,1909f56bfc062723c751e8b465ee728b)  -> (artifact id: '2f10fb37eae5bfd352f057e53278b841') in 0.019693 seconds
Number of updated asset objects reloaded before import = 0
Number of asset objects unloaded after import = 3
========================================================================
Received Import Request.
  Time since last request: 0.000017 seconds.
  path: Assets/pAssets/ClassicPack/other/apple.png
  artifactKey: Guid(10996969e1bd2714896d9bd23c9ab4f0) Importer(815301076,1909f56bfc062723c751e8b465ee728b)
Start importing Assets/pAssets/ClassicPack/other/apple.png using Guid(10996969e1bd2714896d9bd23c9ab4f0) Importer(815301076,1909f56bfc062723c751e8b465ee728b)  -> (artifact id: 'f48b115e0c66c5fc0c8e1bbbb1248686') in 0.022456 seconds
Number of updated asset objects reloaded before import = 0
Number of asset objects unloaded after import = 3
========================================================================
Received Import Request.
  Time since last request: 0.000020 seconds.
  path: Assets/pAssets/Sprites/Pacman_Death_04.png
  artifactKey: Guid(5831e314f767e4343be659f70d5311d8) Importer(815301076,1909f56bfc062723c751e8b465ee728b)
Start importing Assets/pAssets/Sprites/Pacman_Death_04.png using Guid(5831e314f767e4343be659f70d5311d8) Importer(815301076,1909f56bfc062723c751e8b465ee728b)  -> (artifact id: 'af61c167cb88987068546fb53c4ee58d') in 0.023626 seconds
Number of updated asset objects reloaded before import = 0
Number of asset objects unloaded after import = 3
========================================================================
Received Import Request.
  Time since last request: 0.000017 seconds.
  path: Assets/pAssets/Sprites/Pacman_Death_09.png
  artifactKey: Guid(d4f6bec92b04f35459999a9696d2a1da) Importer(815301076,1909f56bfc062723c751e8b465ee728b)
Start importing Assets/pAssets/Sprites/Pacman_Death_09.png using Guid(d4f6bec92b04f35459999a9696d2a1da) Importer(815301076,1909f56bfc062723c751e8b465ee728b)  -> (artifact id: 'c1a3b190f4dfce9addd6ba845404ba6e') in 0.021155 seconds
Number of updated asset objects reloaded before import = 0
Number of asset objects unloaded after import = 3
========================================================================
Received Import Request.
  Time since last request: 0.000021 seconds.
  path: Assets/pAssets/Sprites/Pacman_Death_01.png
  artifactKey: Guid(7c2a3428d5369f54e89eac69cd0ee74f) Importer(815301076,1909f56bfc062723c751e8b465ee728b)
Start importing Assets/pAssets/Sprites/Pacman_Death_01.png using Guid(7c2a3428d5369f54e89eac69cd0ee74f) Importer(815301076,1909f56bfc062723c751e8b465ee728b)  -> (artifact id: 'cc74074706b580e7115362e0004dada1') in 0.021306 seconds
Number of updated asset objects reloaded before import = 0
Number of asset objects unloaded after import = 3
========================================================================
Received Import Request.
  Time since last request: 0.000085 seconds.
  path: Assets/pAssets/Sprites/Pacman_Death_05.png
  artifactKey: Guid(7ae4f038555669349b19305499ef3267) Importer(815301076,1909f56bfc062723c751e8b465ee728b)
Start importing Assets/pAssets/Sprites/Pacman_Death_05.png using Guid(7ae4f038555669349b19305499ef3267) Importer(815301076,1909f56bfc062723c751e8b465ee728b)  -> (artifact id: '3de024600f2f4ee9579d8b98c4453db4') in 0.021548 seconds
Number of updated asset objects reloaded before import = 0
Number of asset objects unloaded after import = 3
========================================================================
Received Import Request.
  Time since last request: 0.000019 seconds.
  path: Assets/pAssets/ClassicPack/pacman-right/1.png
  artifactKey: Guid(bd57521fc56619b4dafac1ef9a884bf9) Importer(815301076,1909f56bfc062723c751e8b465ee728b)
Start importing Assets/pAssets/ClassicPack/pacman-right/1.png using Guid(bd57521fc56619b4dafac1ef9a884bf9) Importer(815301076,1909f56bfc062723c751e8b465ee728b)  -> (artifact id: 'dcc200bbe4b616fb70d4d651478cfb39') in 0.022940 seconds
Number of updated asset objects reloaded before import = 0
Number of asset objects unloaded after import = 3
========================================================================
Received Import Request.
  Time since last request: 0.000017 seconds.
  path: Assets/pAssets/DifferentStylePack/pacman.aseprite
  artifactKey: Guid(42d1eb520bd95744db47289cd0051f27) Importer(815301076,1909f56bfc062723c751e8b465ee728b)
Start importing Assets/pAssets/DifferentStylePack/pacman.aseprite using Guid(42d1eb520bd95744db47289cd0051f27) Importer(815301076,1909f56bfc062723c751e8b465ee728b)  -> (artifact id: 'c234252b00f4c39c74c4b0b68087ef6b') in 0.326307 seconds
Number of updated asset objects reloaded before import = 0
Number of asset objects unloaded after import = 38
========================================================================
Received Import Request.
  Time since last request: 0.000028 seconds.
  path: Assets/pAssets/Sprites/Ghost_Eyes_Up.png
  artifactKey: Guid(7391304e6dcdc594484288107bfd217f) Importer(815301076,1909f56bfc062723c751e8b465ee728b)
Start importing Assets/pAssets/Sprites/Ghost_Eyes_Up.png using Guid(7391304e6dcdc594484288107bfd217f) Importer(815301076,1909f56bfc062723c751e8b465ee728b)  -> (artifact id: '1b95c36f4dc70b1e1cf25ebd0414583b') in 0.019196 seconds
Number of updated asset objects reloaded before import = 0
Number of asset objects unloaded after import = 3
========================================================================
Received Import Request.
  Time since last request: 0.000032 seconds.
  path: Assets/pAssets/ClassicPack/ghosts/clyde.png
  artifactKey: Guid(09a1e8861a765db488fd40cc5f2b9f48) Importer(815301076,1909f56bfc062723c751e8b465ee728b)
Start importing Assets/pAssets/ClassicPack/ghosts/clyde.png using Guid(09a1e8861a765db488fd40cc5f2b9f48) Importer(815301076,1909f56bfc062723c751e8b465ee728b)  -> (artifact id: '4b4333ca83b5b269c0f6c442d0c65b44') in 0.020552 seconds
Number of updated asset objects reloaded before import = 0
Number of asset objects unloaded after import = 3
========================================================================
Received Import Request.
  Time since last request: 0.000019 seconds.
  path: Assets/pAssets/ClassicPack/ghosts/blue_ghost.png
  artifactKey: Guid(136c1721f72217d4b82feab0bcdaeacf) Importer(815301076,1909f56bfc062723c751e8b465ee728b)
Start importing Assets/pAssets/ClassicPack/ghosts/blue_ghost.png using Guid(136c1721f72217d4b82feab0bcdaeacf) Importer(815301076,1909f56bfc062723c751e8b465ee728b)  -> (artifact id: 'd42abe0b47c7c03fa02e05f6a0227f8c') in 0.021682 seconds
Number of updated asset objects reloaded before import = 0
Number of asset objects unloaded after import = 3
========================================================================
Received Import Request.
  Time since last request: 0.000020 seconds.
  path: Assets/pAssets/DifferentStylePack/PacMan.png
  artifactKey: Guid(d136e9cae3bcd2c448b5de134d8abe24) Importer(815301076,1909f56bfc062723c751e8b465ee728b)
Start importing Assets/pAssets/DifferentStylePack/PacMan.png using Guid(d136e9cae3bcd2c448b5de134d8abe24) Importer(815301076,1909f56bfc062723c751e8b465ee728b)  -> (artifact id: 'd0da630fff0adf041fcda8a224135147') in 0.022133 seconds
Number of updated asset objects reloaded before import = 0
Number of asset objects unloaded after import = 3
Editor requested this worker to shutdown with reason: Scaling down because of idle timeout
TcpMessagingSession - receive error: operation aborted. errorcode: 995, details: Bir iþ parçacýðý çýkýþý veya bir uygulama isteði nedeniyle G/Ç iþlemi iptal edildi.
AssetImportWorker is now disconnected from the server
Process exiting
Exiting without the bug reporter. Application will terminate with return code 0